\BOOKMARK [0][-]{chapter.1}{\376\377\0001\000\040\000r\000e\000a\000d\000m\000e}{}% 1
\BOOKMARK [0][-]{chapter.2}{\376\377\0002\000\040\000H\000i\000e\000r\000a\000r\000c\000h\000i\000c\000a\000l\000\040\000I\000n\000d\000e\000x}{}% 2
\BOOKMARK [1][-]{section.2.1}{\376\377\0002\000.\0001\000\040\000C\000l\000a\000s\000s\000\040\000H\000i\000e\000r\000a\000r\000c\000h\000y}{chapter.2}% 3
\BOOKMARK [0][-]{chapter.3}{\376\377\0003\000\040\000C\000l\000a\000s\000s\000\040\000I\000n\000d\000e\000x}{}% 4
\BOOKMARK [1][-]{section.3.1}{\376\377\0003\000.\0001\000\040\000C\000l\000a\000s\000s\000\040\000L\000i\000s\000t}{chapter.3}% 5
\BOOKMARK [0][-]{chapter.4}{\376\377\0004\000\040\000F\000i\000l\000e\000\040\000I\000n\000d\000e\000x}{}% 6
\BOOKMARK [1][-]{section.4.1}{\376\377\0004\000.\0001\000\040\000F\000i\000l\000e\000\040\000L\000i\000s\000t}{chapter.4}% 7
\BOOKMARK [0][-]{chapter.5}{\376\377\0005\000\040\000C\000l\000a\000s\000s\000\040\000D\000o\000c\000u\000m\000e\000n\000t\000a\000t\000i\000o\000n}{}% 8
\BOOKMARK [1][-]{section.5.1}{\376\377\0005\000.\0001\000\040\000c\000a\000m\000o\000d\000o\000c\000a\000l\000:\000:\000C\000a\000m\000e\000r\000a\000\040\000C\000l\000a\000s\000s\000\040\000R\000e\000f\000e\000r\000e\000n\000c\000e}{chapter.5}% 9
\BOOKMARK [2][-]{subsection.5.1.1}{\376\377\0005\000.\0001\000.\0001\000\040\000D\000e\000t\000a\000i\000l\000e\000d\000\040\000D\000e\000s\000c\000r\000i\000p\000t\000i\000o\000n}{section.5.1}% 10
\BOOKMARK [2][-]{subsection.5.1.2}{\376\377\0005\000.\0001\000.\0002\000\040\000M\000e\000m\000b\000e\000r\000\040\000F\000u\000n\000c\000t\000i\000o\000n\000\040\000D\000o\000c\000u\000m\000e\000n\000t\000a\000t\000i\000o\000n}{section.5.1}% 11
\BOOKMARK [3][-]{subsubsection.5.1.2.1}{\376\377\0005\000.\0001\000.\0002\000.\0001\000\040\000e\000s\000t\000i\000m\000a\000t\000e\000E\000x\000t\000r\000i\000n\000s\000i\000c\000s\000\050\000\051}{subsection.5.1.2}% 12
\BOOKMARK [3][-]{subsubsection.5.1.2.2}{\376\377\0005\000.\0001\000.\0002\000.\0002\000\040\000p\000r\000o\000j\000e\000c\000t\000P\000o\000i\000n\000t\000s\000\050\000\051}{subsection.5.1.2}% 13
\BOOKMARK [3][-]{subsubsection.5.1.2.3}{\376\377\0005\000.\0001\000.\0002\000.\0003\000\040\000r\000e\000p\000r\000o\000j\000e\000c\000t\000i\000o\000n\000D\000i\000s\000t\000\050\000\051}{subsection.5.1.2}% 14
\BOOKMARK [3][-]{subsubsection.5.1.2.4}{\376\377\0005\000.\0001\000.\0002\000.\0004\000\040\000r\000e\000p\000r\000o\000j\000e\000c\000t\000i\000o\000n\000E\000r\000r\000o\000r\000\050\000\051\000\040\000[\0001\000/\0002\000]}{subsection.5.1.2}% 15
\BOOKMARK [3][-]{subsubsection.5.1.2.5}{\376\377\0005\000.\0001\000.\0002\000.\0005\000\040\000r\000e\000p\000r\000o\000j\000e\000c\000t\000i\000o\000n\000E\000r\000r\000o\000r\000\050\000\051\000\040\000[\0002\000/\0002\000]}{subsection.5.1.2}% 16
\BOOKMARK [1][-]{section.5.2}{\376\377\0005\000.\0002\000\040\000c\000a\000m\000o\000d\000o\000c\000a\000l\000:\000:\000C\000a\000m\000e\000r\000a\000C\000a\000l\000i\000b\000r\000a\000t\000i\000o\000n\000\040\000C\000l\000a\000s\000s\000\040\000R\000e\000f\000e\000r\000e\000n\000c\000e}{chapter.5}% 17
\BOOKMARK [1][-]{section.5.3}{\376\377\0005\000.\0003\000\040\000c\000a\000m\000o\000d\000o\000c\000a\000l\000:\000:\000C\000a\000m\000e\000r\000a\000F\000a\000c\000t\000o\000r\000y\000\040\000C\000l\000a\000s\000s\000\040\000R\000e\000f\000e\000r\000e\000n\000c\000e}{chapter.5}% 18
\BOOKMARK [2][-]{subsection.5.3.1}{\376\377\0005\000.\0003\000.\0001\000\040\000M\000e\000m\000b\000e\000r\000\040\000F\000u\000n\000c\000t\000i\000o\000n\000\040\000D\000o\000c\000u\000m\000e\000n\000t\000a\000t\000i\000o\000n}{section.5.3}% 19
\BOOKMARK [3][-]{subsubsection.5.3.1.1}{\376\377\0005\000.\0003\000.\0001\000.\0001\000\040\000g\000e\000n\000e\000r\000a\000t\000e\000C\000a\000m\000e\000r\000a\000\050\000\051}{subsection.5.3.1}% 20
\BOOKMARK [3][-]{subsubsection.5.3.1.2}{\376\377\0005\000.\0003\000.\0001\000.\0002\000\040\000g\000e\000n\000e\000r\000a\000t\000e\000C\000a\000m\000e\000r\000a\000F\000r\000o\000m\000Y\000a\000m\000l\000F\000i\000l\000e\000\050\000\051}{subsection.5.3.1}% 21
\BOOKMARK [3][-]{subsubsection.5.3.1.3}{\376\377\0005\000.\0003\000.\0001\000.\0003\000\040\000i\000n\000s\000t\000a\000n\000c\000e\000\050\000\051}{subsection.5.3.1}% 22
\BOOKMARK [1][-]{section.5.4}{\376\377\0005\000.\0004\000\040\000C\000a\000m\000e\000r\000a\000P\000o\000s\000e\000V\000i\000s\000u\000a\000l\000i\000z\000a\000t\000i\000o\000n\000\040\000C\000l\000a\000s\000s\000\040\000R\000e\000f\000e\000r\000e\000n\000c\000e}{chapter.5}% 23
\BOOKMARK [1][-]{section.5.5}{\376\377\0005\000.\0005\000\040\000c\000a\000m\000o\000d\000o\000c\000a\000l\000:\000:\000C\000a\000t\000a\000C\000a\000m\000e\000r\000a\000\040\000C\000l\000a\000s\000s\000\040\000R\000e\000f\000e\000r\000e\000n\000c\000e}{chapter.5}% 24
\BOOKMARK [2][-]{subsection.5.5.1}{\376\377\0005\000.\0005\000.\0001\000\040\000D\000e\000t\000a\000i\000l\000e\000d\000\040\000D\000e\000s\000c\000r\000i\000p\000t\000i\000o\000n}{section.5.5}% 25
\BOOKMARK [2][-]{subsection.5.5.2}{\376\377\0005\000.\0005\000.\0002\000\040\000M\000e\000m\000b\000e\000r\000\040\000F\000u\000n\000c\000t\000i\000o\000n\000\040\000D\000o\000c\000u\000m\000e\000n\000t\000a\000t\000i\000o\000n}{section.5.5}% 26
\BOOKMARK [3][-]{subsubsection.5.5.2.1}{\376\377\0005\000.\0005\000.\0002\000.\0001\000\040\000d\000i\000s\000t\000o\000r\000t\000i\000o\000n\000\050\000\051\000\040\000[\0001\000/\0002\000]}{subsection.5.5.2}% 27
\BOOKMARK [3][-]{subsubsection.5.5.2.2}{\376\377\0005\000.\0005\000.\0002\000.\0002\000\040\000d\000i\000s\000t\000o\000r\000t\000i\000o\000n\000\050\000\051\000\040\000[\0002\000/\0002\000]}{subsection.5.5.2}% 28
\BOOKMARK [3][-]{subsubsection.5.5.2.3}{\376\377\0005\000.\0005\000.\0002\000.\0003\000\040\000l\000i\000f\000t\000P\000r\000o\000j\000e\000c\000t\000i\000v\000e\000\050\000\051}{subsection.5.5.2}% 29
\BOOKMARK [3][-]{subsubsection.5.5.2.4}{\376\377\0005\000.\0005\000.\0002\000.\0004\000\040\000l\000i\000f\000t\000S\000p\000h\000e\000r\000e\000\050\000\051}{subsection.5.5.2}% 30
\BOOKMARK [3][-]{subsubsection.5.5.2.5}{\376\377\0005\000.\0005\000.\0002\000.\0005\000\040\000s\000p\000a\000c\000e\000T\000o\000P\000l\000a\000n\000e\000\050\000\051}{subsection.5.5.2}% 31
\BOOKMARK [3][-]{subsubsection.5.5.2.6}{\376\377\0005\000.\0005\000.\0002\000.\0006\000\040\000u\000n\000d\000i\000s\000t\000T\000o\000P\000l\000a\000n\000e\000\050\000\051}{subsection.5.5.2}% 32
\BOOKMARK [1][-]{section.5.6}{\376\377\0005\000.\0006\000\040\000c\000a\000m\000o\000d\000o\000c\000a\000l\000:\000:\000C\000h\000e\000s\000s\000b\000o\000a\000r\000d\000\040\000C\000l\000a\000s\000s\000\040\000R\000e\000f\000e\000r\000e\000n\000c\000e}{chapter.5}% 33
\BOOKMARK [1][-]{section.5.7}{\376\377\0005\000.\0007\000\040\000c\000a\000m\000o\000d\000o\000c\000a\000l\000:\000:\000C\000h\000e\000s\000s\000b\000o\000a\000r\000d\000C\000o\000r\000n\000e\000r\000\040\000C\000l\000a\000s\000s\000\040\000R\000e\000f\000e\000r\000e\000n\000c\000e}{chapter.5}% 34
\BOOKMARK [1][-]{section.5.8}{\376\377\0005\000.\0008\000\040\000c\000a\000m\000o\000d\000o\000c\000a\000l\000:\000:\000C\000h\000e\000s\000s\000b\000o\000a\000r\000d\000Q\000u\000a\000d\000\040\000C\000l\000a\000s\000s\000\040\000R\000e\000f\000e\000r\000e\000n\000c\000e}{chapter.5}% 35
\BOOKMARK [1][-]{section.5.9}{\376\377\0005\000.\0009\000\040\000c\000a\000m\000o\000d\000o\000c\000a\000l\000:\000:\000C\000o\000m\000p\000r\000e\000h\000e\000n\000s\000i\000o\000n\000E\000r\000r\000o\000r\000<\000\040\000C\000a\000m\000e\000r\000a\000T\000\040\000>\000\040\000C\000l\000a\000s\000s\000\040\000T\000e\000m\000p\000l\000a\000t\000e\000\040\000R\000e\000f\000e\000r\000e\000n\000c\000e}{chapter.5}% 36
\BOOKMARK [1][-]{section.5.10}{\376\377\0005\000.\0001\0000\000\040\000c\000a\000m\000o\000d\000o\000c\000a\000l\000:\000:\000C\000o\000s\000t\000F\000u\000n\000c\000t\000i\000o\000n\000F\000a\000c\000t\000o\000r\000y\000\040\000C\000l\000a\000s\000s\000\040\000R\000e\000f\000e\000r\000e\000n\000c\000e}{chapter.5}% 37
\BOOKMARK [1][-]{section.5.11}{\376\377\0005\000.\0001\0001\000\040\000c\000a\000m\000o\000d\000o\000c\000a\000l\000:\000:\000E\000i\000g\000e\000n\000Q\000u\000a\000t\000e\000r\000n\000i\000o\000n\000P\000a\000r\000a\000m\000e\000t\000e\000r\000i\000z\000a\000t\000i\000o\000n\000\040\000C\000l\000a\000s\000s\000\040\000R\000e\000f\000e\000r\000e\000n\000c\000e}{chapter.5}% 38
\BOOKMARK [1][-]{section.5.12}{\376\377\0005\000.\0001\0002\000\040\000c\000a\000m\000o\000d\000o\000c\000a\000l\000:\000:\000E\000q\000u\000i\000d\000i\000s\000t\000a\000n\000t\000C\000a\000m\000e\000r\000a\000\040\000C\000l\000a\000s\000s\000\040\000R\000e\000f\000e\000r\000e\000n\000c\000e}{chapter.5}% 39
\BOOKMARK [2][-]{subsection.5.12.1}{\376\377\0005\000.\0001\0002\000.\0001\000\040\000D\000e\000t\000a\000i\000l\000e\000d\000\040\000D\000e\000s\000c\000r\000i\000p\000t\000i\000o\000n}{section.5.12}% 40
\BOOKMARK [2][-]{subsection.5.12.2}{\376\377\0005\000.\0001\0002\000.\0002\000\040\000M\000e\000m\000b\000e\000r\000\040\000F\000u\000n\000c\000t\000i\000o\000n\000\040\000D\000o\000c\000u\000m\000e\000n\000t\000a\000t\000i\000o\000n}{section.5.12}% 41
\BOOKMARK [3][-]{subsubsection.5.12.2.1}{\376\377\0005\000.\0001\0002\000.\0002\000.\0001\000\040\000l\000i\000f\000t\000P\000r\000o\000j\000e\000c\000t\000i\000v\000e\000\050\000\051}{subsection.5.12.2}% 42
\BOOKMARK [3][-]{subsubsection.5.12.2.2}{\376\377\0005\000.\0001\0002\000.\0002\000.\0002\000\040\000l\000i\000f\000t\000S\000p\000h\000e\000r\000e\000\050\000\051}{subsection.5.12.2}% 43
\BOOKMARK [3][-]{subsubsection.5.12.2.3}{\376\377\0005\000.\0001\0002\000.\0002\000.\0003\000\040\000s\000p\000a\000c\000e\000T\000o\000P\000l\000a\000n\000e\000\050\000\051\000\040\000[\0001\000/\0002\000]}{subsection.5.12.2}% 44
\BOOKMARK [3][-]{subsubsection.5.12.2.4}{\376\377\0005\000.\0001\0002\000.\0002\000.\0004\000\040\000s\000p\000a\000c\000e\000T\000o\000P\000l\000a\000n\000e\000\050\000\051\000\040\000[\0002\000/\0002\000]}{subsection.5.12.2}% 45
\BOOKMARK [3][-]{subsubsection.5.12.2.5}{\376\377\0005\000.\0001\0002\000.\0002\000.\0005\000\040\000u\000n\000d\000i\000s\000t\000T\000o\000P\000l\000a\000n\000e\000\050\000\051}{subsection.5.12.2}% 46
\BOOKMARK [1][-]{section.5.13}{\376\377\0005\000.\0001\0003\000\040\000E\000s\000t\000i\000m\000a\000t\000o\000r\000\040\000C\000l\000a\000s\000s\000\040\000R\000e\000f\000e\000r\000e\000n\000c\000e}{chapter.5}% 47
\BOOKMARK [1][-]{section.5.14}{\376\377\0005\000.\0001\0004\000\040\000F\000e\000a\000t\000u\000r\000e\000M\000a\000n\000a\000g\000e\000r\000\040\000C\000l\000a\000s\000s\000\040\000R\000e\000f\000e\000r\000e\000n\000c\000e}{chapter.5}% 48
\BOOKMARK [1][-]{section.5.15}{\376\377\0005\000.\0001\0005\000\040\000F\000e\000a\000t\000u\000r\000e\000P\000e\000r\000F\000r\000a\000m\000e\000\040\000C\000l\000a\000s\000s\000\040\000R\000e\000f\000e\000r\000e\000n\000c\000e}{chapter.5}% 49
\BOOKMARK [1][-]{section.5.16}{\376\377\0005\000.\0001\0006\000\040\000F\000e\000a\000t\000u\000r\000e\000P\000e\000r\000I\000d\000\040\000C\000l\000a\000s\000s\000\040\000R\000e\000f\000e\000r\000e\000n\000c\000e}{chapter.5}% 50
\BOOKMARK [1][-]{section.5.17}{\376\377\0005\000.\0001\0007\000\040\000F\000i\000l\000e\000S\000y\000s\000t\000e\000m\000H\000e\000l\000p\000e\000r\000\040\000C\000l\000a\000s\000s\000\040\000R\000e\000f\000e\000r\000e\000n\000c\000e}{chapter.5}% 51
\BOOKMARK [1][-]{section.5.18}{\376\377\0005\000.\0001\0008\000\040\000G\000l\000o\000b\000a\000l\000S\000F\000M\000\040\000C\000l\000a\000s\000s\000\040\000R\000e\000f\000e\000r\000e\000n\000c\000e}{chapter.5}% 52
\BOOKMARK [1][-]{section.5.19}{\376\377\0005\000.\0001\0009\000\040\000I\000m\000a\000g\000e\000F\000r\000a\000m\000e\000\040\000C\000l\000a\000s\000s\000\040\000R\000e\000f\000e\000r\000e\000n\000c\000e}{chapter.5}% 53
\BOOKMARK [1][-]{section.5.20}{\376\377\0005\000.\0002\0000\000\040\000I\000M\000U\000F\000a\000c\000t\000o\000r\000\040\000C\000l\000a\000s\000s\000\040\000R\000e\000f\000e\000r\000e\000n\000c\000e}{chapter.5}% 54
\BOOKMARK [2][-]{subsection.5.20.1}{\376\377\0005\000.\0002\0000\000.\0001\000\040\000M\000e\000m\000b\000e\000r\000\040\000F\000u\000n\000c\000t\000i\000o\000n\000\040\000D\000o\000c\000u\000m\000e\000n\000t\000a\000t\000i\000o\000n}{section.5.20}% 55
\BOOKMARK [3][-]{subsubsection.5.20.1.1}{\376\377\0005\000.\0002\0000\000.\0001\000.\0001\000\040\000E\000v\000a\000l\000u\000a\000t\000e\000\050\000\051}{subsection.5.20.1}% 56
\BOOKMARK [1][-]{section.5.21}{\376\377\0005\000.\0002\0001\000\040\000I\000n\000i\000t\000i\000a\000l\000E\000X\000R\000o\000t\000a\000t\000i\000o\000n\000\040\000C\000l\000a\000s\000s\000\040\000R\000e\000f\000e\000r\000e\000n\000c\000e}{chapter.5}% 57
\BOOKMARK [1][-]{section.5.22}{\376\377\0005\000.\0002\0002\000\040\000I\000n\000t\000e\000g\000r\000a\000t\000i\000o\000n\000B\000a\000s\000e\000\040\000C\000l\000a\000s\000s\000\040\000R\000e\000f\000e\000r\000e\000n\000c\000e}{chapter.5}% 58
\BOOKMARK [1][-]{section.5.23}{\376\377\0005\000.\0002\0003\000\040\000M\000a\000r\000g\000i\000n\000a\000l\000i\000z\000a\000t\000i\000o\000n\000F\000a\000c\000t\000o\000r\000\040\000C\000l\000a\000s\000s\000\040\000R\000e\000f\000e\000r\000e\000n\000c\000e}{chapter.5}% 59
\BOOKMARK [1][-]{section.5.24}{\376\377\0005\000.\0002\0004\000\040\000M\000a\000r\000g\000i\000n\000a\000l\000i\000z\000a\000t\000i\000o\000n\000I\000n\000f\000o\000\040\000C\000l\000a\000s\000s\000\040\000R\000e\000f\000e\000r\000e\000n\000c\000e}{chapter.5}% 60
\BOOKMARK [1][-]{section.5.25}{\376\377\0005\000.\0002\0005\000\040\000M\000o\000t\000i\000o\000n\000E\000s\000t\000i\000m\000a\000t\000o\000r\000\040\000C\000l\000a\000s\000s\000\040\000R\000e\000f\000e\000r\000e\000n\000c\000e}{chapter.5}% 61
\BOOKMARK [1][-]{section.5.26}{\376\377\0005\000.\0002\0006\000\040\000c\000a\000m\000o\000d\000o\000c\000a\000l\000:\000:\000O\000C\000A\000M\000C\000a\000m\000e\000r\000a\000\040\000C\000l\000a\000s\000s\000\040\000R\000e\000f\000e\000r\000e\000n\000c\000e}{chapter.5}% 62
\BOOKMARK [2][-]{subsection.5.26.1}{\376\377\0005\000.\0002\0006\000.\0001\000\040\000D\000e\000t\000a\000i\000l\000e\000d\000\040\000D\000e\000s\000c\000r\000i\000p\000t\000i\000o\000n}{section.5.26}% 63
\BOOKMARK [2][-]{subsection.5.26.2}{\376\377\0005\000.\0002\0006\000.\0002\000\040\000M\000e\000m\000b\000e\000r\000\040\000F\000u\000n\000c\000t\000i\000o\000n\000\040\000D\000o\000c\000u\000m\000e\000n\000t\000a\000t\000i\000o\000n}{section.5.26}% 64
\BOOKMARK [3][-]{subsubsection.5.26.2.1}{\376\377\0005\000.\0002\0006\000.\0002\000.\0001\000\040\000l\000i\000f\000t\000P\000r\000o\000j\000e\000c\000t\000i\000v\000e\000\050\000\051}{subsection.5.26.2}% 65
\BOOKMARK [3][-]{subsubsection.5.26.2.2}{\376\377\0005\000.\0002\0006\000.\0002\000.\0002\000\040\000l\000i\000f\000t\000S\000p\000h\000e\000r\000e\000\050\000\051}{subsection.5.26.2}% 66
\BOOKMARK [3][-]{subsubsection.5.26.2.3}{\376\377\0005\000.\0002\0006\000.\0002\000.\0003\000\040\000s\000p\000a\000c\000e\000T\000o\000P\000l\000a\000n\000e\000\050\000\051}{subsection.5.26.2}% 67
\BOOKMARK [3][-]{subsubsection.5.26.2.4}{\376\377\0005\000.\0002\0006\000.\0002\000.\0004\000\040\000u\000n\000d\000i\000s\000t\000T\000o\000P\000l\000a\000n\000e\000\050\000\051}{subsection.5.26.2}% 68
\BOOKMARK [1][-]{section.5.27}{\376\377\0005\000.\0002\0007\000\040\000c\000a\000m\000o\000d\000o\000c\000a\000l\000:\000:\000C\000a\000t\000a\000C\000a\000m\000e\000r\000a\000:\000:\000P\000a\000r\000a\000m\000e\000t\000e\000r\000s\000\040\000C\000l\000a\000s\000s\000\040\000R\000e\000f\000e\000r\000e\000n\000c\000e}{chapter.5}% 69
\BOOKMARK [2][-]{subsection.5.27.1}{\376\377\0005\000.\0002\0007\000.\0001\000\040\000M\000e\000m\000b\000e\000r\000\040\000F\000u\000n\000c\000t\000i\000o\000n\000\040\000D\000o\000c\000u\000m\000e\000n\000t\000a\000t\000i\000o\000n}{section.5.27}% 70
\BOOKMARK [3][-]{subsubsection.5.27.1.1}{\376\377\0005\000.\0002\0007\000.\0001\000.\0001\000\040\000r\000e\000a\000d\000F\000r\000o\000m\000Y\000a\000m\000l\000F\000i\000l\000e\000\050\000\051}{subsection.5.27.1}% 71
\BOOKMARK [3][-]{subsubsection.5.27.1.2}{\376\377\0005\000.\0002\0007\000.\0001\000.\0002\000\040\000w\000r\000i\000t\000e\000T\000o\000Y\000a\000m\000l\000F\000i\000l\000e\000\050\000\051}{subsection.5.27.1}% 72
\BOOKMARK [1][-]{section.5.28}{\376\377\0005\000.\0002\0008\000\040\000c\000a\000m\000o\000d\000o\000c\000a\000l\000:\000:\000E\000q\000u\000i\000d\000i\000s\000t\000a\000n\000t\000C\000a\000m\000e\000r\000a\000:\000:\000P\000a\000r\000a\000m\000e\000t\000e\000r\000s\000\040\000C\000l\000a\000s\000s\000\040\000R\000e\000f\000e\000r\000e\000n\000c\000e}{chapter.5}% 73
\BOOKMARK [2][-]{subsection.5.28.1}{\376\377\0005\000.\0002\0008\000.\0001\000\040\000M\000e\000m\000b\000e\000r\000\040\000F\000u\000n\000c\000t\000i\000o\000n\000\040\000D\000o\000c\000u\000m\000e\000n\000t\000a\000t\000i\000o\000n}{section.5.28}% 74
\BOOKMARK [3][-]{subsubsection.5.28.1.1}{\376\377\0005\000.\0002\0008\000.\0001\000.\0001\000\040\000r\000e\000a\000d\000F\000r\000o\000m\000Y\000a\000m\000l\000F\000i\000l\000e\000\050\000\051}{subsection.5.28.1}% 75
\BOOKMARK [3][-]{subsubsection.5.28.1.2}{\376\377\0005\000.\0002\0008\000.\0001\000.\0002\000\040\000w\000r\000i\000t\000e\000T\000o\000Y\000a\000m\000l\000F\000i\000l\000e\000\050\000\051}{subsection.5.28.1}% 76
\BOOKMARK [1][-]{section.5.29}{\376\377\0005\000.\0002\0009\000\040\000c\000a\000m\000o\000d\000o\000c\000a\000l\000:\000:\000O\000C\000A\000M\000C\000a\000m\000e\000r\000a\000:\000:\000P\000a\000r\000a\000m\000e\000t\000e\000r\000s\000\040\000C\000l\000a\000s\000s\000\040\000R\000e\000f\000e\000r\000e\000n\000c\000e}{chapter.5}% 77
\BOOKMARK [2][-]{subsection.5.29.1}{\376\377\0005\000.\0002\0009\000.\0001\000\040\000M\000e\000m\000b\000e\000r\000\040\000F\000u\000n\000c\000t\000i\000o\000n\000\040\000D\000o\000c\000u\000m\000e\000n\000t\000a\000t\000i\000o\000n}{section.5.29}% 78
\BOOKMARK [3][-]{subsubsection.5.29.1.1}{\376\377\0005\000.\0002\0009\000.\0001\000.\0001\000\040\000r\000e\000a\000d\000F\000r\000o\000m\000Y\000a\000m\000l\000F\000i\000l\000e\000\050\000\051}{subsection.5.29.1}% 79
\BOOKMARK [3][-]{subsubsection.5.29.1.2}{\376\377\0005\000.\0002\0009\000.\0001\000.\0002\000\040\000w\000r\000i\000t\000e\000T\000o\000Y\000a\000m\000l\000F\000i\000l\000e\000\050\000\051}{subsection.5.29.1}% 80
\BOOKMARK [1][-]{section.5.30}{\376\377\0005\000.\0003\0000\000\040\000c\000a\000m\000o\000d\000o\000c\000a\000l\000:\000:\000P\000i\000n\000h\000o\000l\000e\000C\000a\000m\000e\000r\000a\000:\000:\000P\000a\000r\000a\000m\000e\000t\000e\000r\000s\000\040\000C\000l\000a\000s\000s\000\040\000R\000e\000f\000e\000r\000e\000n\000c\000e}{chapter.5}% 81
\BOOKMARK [2][-]{subsection.5.30.1}{\376\377\0005\000.\0003\0000\000.\0001\000\040\000M\000e\000m\000b\000e\000r\000\040\000F\000u\000n\000c\000t\000i\000o\000n\000\040\000D\000o\000c\000u\000m\000e\000n\000t\000a\000t\000i\000o\000n}{section.5.30}% 82
\BOOKMARK [3][-]{subsubsection.5.30.1.1}{\376\377\0005\000.\0003\0000\000.\0001\000.\0001\000\040\000o\000p\000e\000r\000a\000t\000o\000r\000=\000\050\000\051}{subsection.5.30.1}% 83
\BOOKMARK [3][-]{subsubsection.5.30.1.2}{\376\377\0005\000.\0003\0000\000.\0001\000.\0002\000\040\000r\000e\000a\000d\000F\000r\000o\000m\000Y\000a\000m\000l\000F\000i\000l\000e\000\050\000\051}{subsection.5.30.1}% 84
\BOOKMARK [3][-]{subsubsection.5.30.1.3}{\376\377\0005\000.\0003\0000\000.\0001\000.\0003\000\040\000w\000r\000i\000t\000e\000T\000o\000Y\000a\000m\000l\000F\000i\000l\000e\000\050\000\051}{subsection.5.30.1}% 85
\BOOKMARK [2][-]{subsection.5.30.2}{\376\377\0005\000.\0003\0000\000.\0002\000\040\000F\000r\000i\000e\000n\000d\000s\000\040\000A\000n\000d\000\040\000R\000e\000l\000a\000t\000e\000d\000\040\000F\000u\000n\000c\000t\000i\000o\000n\000\040\000D\000o\000c\000u\000m\000e\000n\000t\000a\000t\000i\000o\000n}{section.5.30}% 86
\BOOKMARK [3][-]{subsubsection.5.30.2.1}{\376\377\0005\000.\0003\0000\000.\0002\000.\0001\000\040\000o\000p\000e\000r\000a\000t\000o\000r\000<\000<}{subsection.5.30.2}% 87
\BOOKMARK [1][-]{section.5.31}{\376\377\0005\000.\0003\0001\000\040\000c\000a\000m\000o\000d\000o\000c\000a\000l\000:\000:\000C\000a\000m\000e\000r\000a\000:\000:\000P\000a\000r\000a\000m\000e\000t\000e\000r\000s\000\040\000C\000l\000a\000s\000s\000\040\000R\000e\000f\000e\000r\000e\000n\000c\000e}{chapter.5}% 88
\BOOKMARK [2][-]{subsection.5.31.1}{\376\377\0005\000.\0003\0001\000.\0001\000\040\000D\000e\000t\000a\000i\000l\000e\000d\000\040\000D\000e\000s\000c\000r\000i\000p\000t\000i\000o\000n}{section.5.31}% 89
\BOOKMARK [2][-]{subsection.5.31.2}{\376\377\0005\000.\0003\0001\000.\0002\000\040\000C\000o\000n\000s\000t\000r\000u\000c\000t\000o\000r\000\040\000\046\000\040\000D\000e\000s\000t\000r\000u\000c\000t\000o\000r\000\040\000D\000o\000c\000u\000m\000e\000n\000t\000a\000t\000i\000o\000n}{section.5.31}% 90
\BOOKMARK [3][-]{subsubsection.5.31.2.1}{\376\377\0005\000.\0003\0001\000.\0002\000.\0001\000\040\000P\000a\000r\000a\000m\000e\000t\000e\000r\000s\000\050\000\051\000\040\000[\0001\000/\0002\000]}{subsection.5.31.2}% 91
\BOOKMARK [3][-]{subsubsection.5.31.2.2}{\376\377\0005\000.\0003\0001\000.\0002\000.\0002\000\040\000P\000a\000r\000a\000m\000e\000t\000e\000r\000s\000\050\000\051\000\040\000[\0002\000/\0002\000]}{subsection.5.31.2}% 92
\BOOKMARK [2][-]{subsection.5.31.3}{\376\377\0005\000.\0003\0001\000.\0003\000\040\000M\000e\000m\000b\000e\000r\000\040\000F\000u\000n\000c\000t\000i\000o\000n\000\040\000D\000o\000c\000u\000m\000e\000n\000t\000a\000t\000i\000o\000n}{section.5.31}% 93
\BOOKMARK [3][-]{subsubsection.5.31.3.1}{\376\377\0005\000.\0003\0001\000.\0003\000.\0001\000\040\000c\000a\000m\000e\000r\000a\000N\000a\000m\000e\000\050\000\051\000\040\000[\0001\000/\0002\000]}{subsection.5.31.3}% 94
\BOOKMARK [3][-]{subsubsection.5.31.3.2}{\376\377\0005\000.\0003\0001\000.\0003\000.\0002\000\040\000c\000a\000m\000e\000r\000a\000N\000a\000m\000e\000\050\000\051\000\040\000[\0002\000/\0002\000]}{subsection.5.31.3}% 95
\BOOKMARK [3][-]{subsubsection.5.31.3.3}{\376\377\0005\000.\0003\0001\000.\0003\000.\0003\000\040\000i\000m\000a\000g\000e\000H\000e\000i\000g\000h\000t\000\050\000\051\000\040\000[\0001\000/\0002\000]}{subsection.5.31.3}% 96
\BOOKMARK [3][-]{subsubsection.5.31.3.4}{\376\377\0005\000.\0003\0001\000.\0003\000.\0004\000\040\000i\000m\000a\000g\000e\000H\000e\000i\000g\000h\000t\000\050\000\051\000\040\000[\0002\000/\0002\000]}{subsection.5.31.3}% 97
\BOOKMARK [3][-]{subsubsection.5.31.3.5}{\376\377\0005\000.\0003\0001\000.\0003\000.\0005\000\040\000i\000m\000a\000g\000e\000W\000i\000d\000t\000h\000\050\000\051\000\040\000[\0001\000/\0002\000]}{subsection.5.31.3}% 98
\BOOKMARK [3][-]{subsubsection.5.31.3.6}{\376\377\0005\000.\0003\0001\000.\0003\000.\0006\000\040\000i\000m\000a\000g\000e\000W\000i\000d\000t\000h\000\050\000\051\000\040\000[\0002\000/\0002\000]}{subsection.5.31.3}% 99
\BOOKMARK [3][-]{subsubsection.5.31.3.7}{\376\377\0005\000.\0003\0001\000.\0003\000.\0007\000\040\000m\000o\000d\000e\000l\000T\000y\000p\000e\000\050\000\051\000\040\000[\0001\000/\0002\000]}{subsection.5.31.3}% 100
\BOOKMARK [3][-]{subsubsection.5.31.3.8}{\376\377\0005\000.\0003\0001\000.\0003\000.\0008\000\040\000m\000o\000d\000e\000l\000T\000y\000p\000e\000\050\000\051\000\040\000[\0002\000/\0002\000]}{subsection.5.31.3}% 101
\BOOKMARK [3][-]{subsubsection.5.31.3.9}{\376\377\0005\000.\0003\0001\000.\0003\000.\0009\000\040\000n\000I\000n\000t\000r\000i\000n\000s\000i\000c\000s\000\050\000\051}{subsection.5.31.3}% 102
\BOOKMARK [3][-]{subsubsection.5.31.3.10}{\376\377\0005\000.\0003\0001\000.\0003\000.\0001\0000\000\040\000r\000e\000a\000d\000F\000r\000o\000m\000Y\000a\000m\000l\000F\000i\000l\000e\000\050\000\051}{subsection.5.31.3}% 103
\BOOKMARK [3][-]{subsubsection.5.31.3.11}{\376\377\0005\000.\0003\0001\000.\0003\000.\0001\0001\000\040\000w\000r\000i\000t\000e\000T\000o\000Y\000a\000m\000l\000F\000i\000l\000e\000\050\000\051}{subsection.5.31.3}% 104
\BOOKMARK [2][-]{subsection.5.31.4}{\376\377\0005\000.\0003\0001\000.\0004\000\040\000M\000e\000m\000b\000e\000r\000\040\000D\000a\000t\000a\000\040\000D\000o\000c\000u\000m\000e\000n\000t\000a\000t\000i\000o\000n}{section.5.31}% 105
\BOOKMARK [3][-]{subsubsection.5.31.4.1}{\376\377\0005\000.\0003\0001\000.\0004\000.\0001\000\040\000m\000\137\000n\000I\000n\000t\000r\000i\000n\000s\000i\000c\000s}{subsection.5.31.4}% 106
\BOOKMARK [1][-]{section.5.32}{\376\377\0005\000.\0003\0002\000\040\000c\000a\000m\000o\000d\000o\000c\000a\000l\000:\000:\000P\000i\000n\000h\000o\000l\000e\000C\000a\000m\000e\000r\000a\000\040\000C\000l\000a\000s\000s\000\040\000R\000e\000f\000e\000r\000e\000n\000c\000e}{chapter.5}% 107
\BOOKMARK [2][-]{subsection.5.32.1}{\376\377\0005\000.\0003\0002\000.\0001\000\040\000C\000o\000n\000s\000t\000r\000u\000c\000t\000o\000r\000\040\000\046\000\040\000D\000e\000s\000t\000r\000u\000c\000t\000o\000r\000\040\000D\000o\000c\000u\000m\000e\000n\000t\000a\000t\000i\000o\000n}{section.5.32}% 108
\BOOKMARK [3][-]{subsubsection.5.32.1.1}{\376\377\0005\000.\0003\0002\000.\0001\000.\0001\000\040\000P\000i\000n\000h\000o\000l\000e\000C\000a\000m\000e\000r\000a\000\050\000\051\000\040\000[\0001\000/\0002\000]}{subsection.5.32.1}% 109
\BOOKMARK [3][-]{subsubsection.5.32.1.2}{\376\377\0005\000.\0003\0002\000.\0001\000.\0002\000\040\000P\000i\000n\000h\000o\000l\000e\000C\000a\000m\000e\000r\000a\000\050\000\051\000\040\000[\0002\000/\0002\000]}{subsection.5.32.1}% 110
\BOOKMARK [2][-]{subsection.5.32.2}{\376\377\0005\000.\0003\0002\000.\0002\000\040\000M\000e\000m\000b\000e\000r\000\040\000F\000u\000n\000c\000t\000i\000o\000n\000\040\000D\000o\000c\000u\000m\000e\000n\000t\000a\000t\000i\000o\000n}{section.5.32}% 111
\BOOKMARK [3][-]{subsubsection.5.32.2.1}{\376\377\0005\000.\0003\0002\000.\0002\000.\0001\000\040\000d\000i\000s\000t\000o\000r\000t\000i\000o\000n\000\050\000\051\000\040\000[\0001\000/\0002\000]}{subsection.5.32.2}% 112
\BOOKMARK [3][-]{subsubsection.5.32.2.2}{\376\377\0005\000.\0003\0002\000.\0002\000.\0002\000\040\000d\000i\000s\000t\000o\000r\000t\000i\000o\000n\000\050\000\051\000\040\000[\0002\000/\0002\000]}{subsection.5.32.2}% 113
\BOOKMARK [3][-]{subsubsection.5.32.2.3}{\376\377\0005\000.\0003\0002\000.\0002\000.\0003\000\040\000l\000i\000f\000t\000P\000r\000o\000j\000e\000c\000t\000i\000v\000e\000\050\000\051}{subsection.5.32.2}% 114
\BOOKMARK [3][-]{subsubsection.5.32.2.4}{\376\377\0005\000.\0003\0002\000.\0002\000.\0004\000\040\000l\000i\000f\000t\000S\000p\000h\000e\000r\000e\000\050\000\051}{subsection.5.32.2}% 115
\BOOKMARK [3][-]{subsubsection.5.32.2.5}{\376\377\0005\000.\0003\0002\000.\0002\000.\0005\000\040\000s\000p\000a\000c\000e\000T\000o\000P\000l\000a\000n\000e\000\050\000\051}{subsection.5.32.2}% 116
\BOOKMARK [3][-]{subsubsection.5.32.2.6}{\376\377\0005\000.\0003\0002\000.\0002\000.\0006\000\040\000u\000n\000d\000i\000s\000t\000T\000o\000P\000l\000a\000n\000e\000\050\000\051}{subsection.5.32.2}% 117
\BOOKMARK [1][-]{section.5.33}{\376\377\0005\000.\0003\0003\000\040\000P\000o\000s\000e\000L\000o\000c\000a\000l\000P\000a\000r\000a\000m\000e\000t\000e\000r\000i\000z\000a\000t\000i\000o\000n\000\040\000C\000l\000a\000s\000s\000\040\000R\000e\000f\000e\000r\000e\000n\000c\000e}{chapter.5}% 118
\BOOKMARK [1][-]{section.5.34}{\376\377\0005\000.\0003\0004\000\040\000P\000r\000o\000j\000e\000c\000t\000i\000o\000n\000F\000a\000c\000t\000o\000r\000\040\000C\000l\000a\000s\000s\000\040\000R\000e\000f\000e\000r\000e\000n\000c\000e}{chapter.5}% 119
\BOOKMARK [1][-]{section.5.35}{\376\377\0005\000.\0003\0005\000\040\000P\000r\000o\000j\000e\000c\000t\000i\000o\000n\000T\000d\000F\000a\000c\000t\000o\000r\000\040\000C\000l\000a\000s\000s\000\040\000R\000e\000f\000e\000r\000e\000n\000c\000e}{chapter.5}% 120
\BOOKMARK [1][-]{section.5.36}{\376\377\0005\000.\0003\0006\000\040\000c\000a\000m\000o\000d\000o\000c\000a\000l\000:\000:\000R\000e\000p\000r\000o\000j\000e\000c\000t\000i\000o\000n\000E\000r\000r\000o\000r\0001\000<\000\040\000C\000a\000m\000e\000r\000a\000T\000\040\000>\000\040\000C\000l\000a\000s\000s\000\040\000T\000e\000m\000p\000l\000a\000t\000e\000\040\000R\000e\000f\000e\000r\000e\000n\000c\000e}{chapter.5}% 121
\BOOKMARK [1][-]{section.5.37}{\376\377\0005\000.\0003\0007\000\040\000c\000a\000m\000o\000d\000o\000c\000a\000l\000:\000:\000R\000e\000p\000r\000o\000j\000e\000c\000t\000i\000o\000n\000E\000r\000r\000o\000r\0002\000<\000\040\000C\000a\000m\000e\000r\000a\000T\000\040\000>\000\040\000C\000l\000a\000s\000s\000\040\000T\000e\000m\000p\000l\000a\000t\000e\000\040\000R\000e\000f\000e\000r\000e\000n\000c\000e}{chapter.5}% 122
\BOOKMARK [1][-]{section.5.38}{\376\377\0005\000.\0003\0008\000\040\000c\000a\000m\000o\000d\000o\000c\000a\000l\000:\000:\000R\000e\000p\000r\000o\000j\000e\000c\000t\000i\000o\000n\000E\000r\000r\000o\000r\0003\000<\000\040\000C\000a\000m\000e\000r\000a\000T\000\040\000>\000\040\000C\000l\000a\000s\000s\000\040\000T\000e\000m\000p\000l\000a\000t\000e\000\040\000R\000e\000f\000e\000r\000e\000n\000c\000e}{chapter.5}% 123
\BOOKMARK [1][-]{section.5.39}{\376\377\0005\000.\0003\0009\000\040\000R\000e\000p\000r\000o\000j\000e\000c\000t\000i\000o\000n\000E\000r\000r\000o\000r\0003\000D\000\040\000S\000t\000r\000u\000c\000t\000\040\000R\000e\000f\000e\000r\000e\000n\000c\000e}{chapter.5}% 124
\BOOKMARK [1][-]{section.5.40}{\376\377\0005\000.\0004\0000\000\040\000R\000e\000s\000i\000d\000u\000a\000l\000B\000l\000o\000c\000k\000I\000n\000f\000o\000\040\000S\000t\000r\000u\000c\000t\000\040\000R\000e\000f\000e\000r\000e\000n\000c\000e}{chapter.5}% 125
\BOOKMARK [1][-]{section.5.41}{\376\377\0005\000.\0004\0001\000\040\000S\000F\000M\000F\000e\000a\000t\000u\000r\000e\000\040\000S\000t\000r\000u\000c\000t\000\040\000R\000e\000f\000e\000r\000e\000n\000c\000e}{chapter.5}% 126
\BOOKMARK [1][-]{section.5.42}{\376\377\0005\000.\0004\0002\000\040\000S\000p\000l\000i\000n\000e\000\040\000C\000l\000a\000s\000s\000\040\000R\000e\000f\000e\000r\000e\000n\000c\000e}{chapter.5}% 127
\BOOKMARK [1][-]{section.5.43}{\376\377\0005\000.\0004\0003\000\040\000c\000a\000m\000o\000d\000o\000c\000a\000l\000:\000:\000S\000t\000e\000r\000e\000o\000R\000e\000p\000r\000o\000j\000e\000c\000t\000i\000o\000n\000E\000r\000r\000o\000r\000<\000\040\000C\000a\000m\000e\000r\000a\000T\000\040\000>\000\040\000C\000l\000a\000s\000s\000\040\000T\000e\000m\000p\000l\000a\000t\000e\000\040\000R\000e\000f\000e\000r\000e\000n\000c\000e}{chapter.5}% 128
\BOOKMARK [1][-]{section.5.44}{\376\377\0005\000.\0004\0004\000\040\000T\000h\000r\000e\000a\000d\000s\000S\000t\000r\000u\000c\000t\000\040\000S\000t\000r\000u\000c\000t\000\040\000R\000e\000f\000e\000r\000e\000n\000c\000e}{chapter.5}% 129
\BOOKMARK [1][-]{section.5.45}{\376\377\0005\000.\0004\0005\000\040\000T\000i\000c\000T\000o\000c\000\040\000C\000l\000a\000s\000s\000\040\000R\000e\000f\000e\000r\000e\000n\000c\000e}{chapter.5}% 130
\BOOKMARK [1][-]{section.5.46}{\376\377\0005\000.\0004\0006\000\040\000c\000a\000m\000o\000d\000o\000c\000a\000l\000:\000:\000T\000r\000a\000n\000s\000f\000o\000r\000m\000\040\000C\000l\000a\000s\000s\000\040\000R\000e\000f\000e\000r\000e\000n\000c\000e}{chapter.5}% 131
\BOOKMARK [1][-]{section.5.47}{\376\377\0005\000.\0004\0007\000\040\000U\000t\000i\000l\000i\000t\000y\000:\000:\000u\000i\000n\000t\000\137\000<\000\040\000N\000\040\000>\000\040\000S\000t\000r\000u\000c\000t\000\040\000T\000e\000m\000p\000l\000a\000t\000e\000\040\000R\000e\000f\000e\000r\000e\000n\000c\000e}{chapter.5}% 132
\BOOKMARK [1][-]{section.5.48}{\376\377\0005\000.\0004\0008\000\040\000U\000t\000i\000l\000i\000t\000y\000\040\000C\000l\000a\000s\000s\000\040\000R\000e\000f\000e\000r\000e\000n\000c\000e}{chapter.5}% 133
\BOOKMARK [0][-]{chapter.6}{\376\377\0006\000\040\000F\000i\000l\000e\000\040\000D\000o\000c\000u\000m\000e\000n\000t\000a\000t\000i\000o\000n}{}% 134
\BOOKMARK [1][-]{section.6.1}{\376\377\0006\000.\0001\000\040\000c\000a\000m\000e\000r\000a\000\137\000m\000o\000d\000e\000l\000/\000i\000n\000c\000l\000u\000d\000e\000/\000c\000a\000m\000o\000d\000o\000c\000a\000l\000/\000c\000a\000m\000e\000r\000a\000\137\000m\000o\000d\000e\000l\000s\000/\000C\000a\000m\000e\000r\000a\000.\000h\000\040\000F\000i\000l\000e\000\040\000R\000e\000f\000e\000r\000e\000n\000c\000e}{chapter.6}% 135
\BOOKMARK [2][-]{subsection.6.1.1}{\376\377\0006\000.\0001\000.\0001\000\040\000D\000e\000t\000a\000i\000l\000e\000d\000\040\000D\000e\000s\000c\000r\000i\000p\000t\000i\000o\000n}{section.6.1}% 136
\BOOKMARK [1][-]{section.6.2}{\376\377\0006\000.\0002\000\040\000c\000a\000m\000e\000r\000a\000\137\000m\000o\000d\000e\000l\000/\000s\000r\000c\000/\000c\000a\000m\000e\000r\000a\000\137\000m\000o\000d\000e\000l\000s\000/\000C\000a\000m\000e\000r\000a\000.\000c\000c\000\040\000F\000i\000l\000e\000\040\000R\000e\000f\000e\000r\000e\000n\000c\000e}{chapter.6}% 137
\BOOKMARK [2][-]{subsection.6.2.1}{\376\377\0006\000.\0002\000.\0001\000\040\000D\000e\000t\000a\000i\000l\000e\000d\000\040\000D\000e\000s\000c\000r\000i\000p\000t\000i\000o\000n}{section.6.2}% 138
