This is XeTeX, Version 3.14159265-2.6-0.99998 (TeX Live 2017/Debian) (preloaded format=xelatex 2019.6.27)  6 SEP 2019 16:29
entering extended mode
 restricted \write18 enabled.
 %&-line parsing enabled.
**refman.tex
(./refman.tex
LaTeX2e <2017-04-15>
Babel <3.18> and hyphenation patterns for 84 language(s) loaded.
(/usr/share/texlive/texmf-dist/tex/latex/base/book.cls
Document Class: book 2014/09/29 v1.4h Standard LaTeX document class
(/usr/share/texlive/texmf-dist/tex/latex/base/bk10.clo
File: bk10.clo 2014/09/29 v1.4h Standard LaTeX file (size option)
)
\c@part=\count79
\c@chapter=\count80
\c@section=\count81
\c@subsection=\count82
\c@subsubsection=\count83
\c@paragraph=\count84
\c@subparagraph=\count85
\c@figure=\count86
\c@table=\count87
\abovecaptionskip=\skip41
\belowcaptionskip=\skip42
\bibindent=\dimen102
)
(/usr/share/texlive/texmf-dist/tex/latex/base/fixltx2e.sty
Package: fixltx2e 2016/12/29 v2.1a fixes to LaTeX (obsolete)
Applying: [2015/01/01] Old fixltx2e package on input line 46.


Package fixltx2e Warning: fixltx2e is not required with releases after 2015
(fixltx2e)                All fixes are now in the LaTeX kernel.
(fixltx2e)                See the latexrelease package for details.

Already applied: [0000/00/00] Old fixltx2e package on input line 53.
) (/usr/share/texlive/texmf-dist/tex/latex/tools/calc.sty
Package: calc 2014/10/28 v4.3 Infix arithmetic (KKT,FJ)
\calc@Acount=\count88
\calc@Bcount=\count89
\calc@Adimen=\dimen103
\calc@Bdimen=\dimen104
\calc@Askip=\skip43
\calc@Bskip=\skip44
LaTeX Info: Redefining \setlength on input line 80.
LaTeX Info: Redefining \addtolength on input line 81.
\calc@Ccount=\count90
\calc@Cskip=\skip45
) (./doxygen.sty
Package: doxygen 

(/usr/share/texlive/texmf-dist/tex/latex/base/alltt.sty
Package: alltt 1997/06/16 v2.0g defines alltt environment
)
(/usr/share/texlive/texmf-dist/tex/latex/tools/array.sty
Package: array 2016/10/06 v2.4d Tabular extension package (FMi)
\col@sep=\dimen105
\extrarowheight=\dimen106
\NC@list=\toks14
\extratabsurround=\skip46
\backup@length=\skip47
)
(/usr/share/texlive/texmf-dist/tex/latex/float/float.sty
Package: float 2001/11/08 v1.3d Float enhancements (AL)
\c@float@type=\count91
\float@exts=\toks15
\float@box=\box26
\@float@everytoks=\toks16
\@floatcapt=\box27
)
(/usr/share/texlive/texmf-dist/tex/latex/base/ifthen.sty
Package: ifthen 2014/09/29 v1.1c Standard LaTeX ifthen package (DPC)
)
(/usr/share/texlive/texmf-dist/tex/latex/tools/verbatim.sty
Package: verbatim 2014/10/28 v1.5q LaTeX2e package for verbatim enhancements
\every@verbatim=\toks17
\verbatim@line=\toks18
\verbatim@in@stream=\read1
)
(/usr/share/texlive/texmf-dist/tex/latex/xcolor/xcolor.sty
Package: xcolor 2016/05/11 v2.12 LaTeX color extensions (UK)

(/usr/share/texlive/texmf-dist/tex/latex/graphics-cfg/color.cfg
File: color.cfg 2016/01/02 v1.6 sample color configuration
)
Package xcolor Info: Driver file: xetex.def on input line 225.

(/usr/share/texlive/texmf-dist/tex/latex/graphics-def/xetex.def
File: xetex.def 2017/06/24 v5.0h Graphics/color driver for xetex
)
(/usr/share/texlive/texmf-dist/tex/latex/colortbl/colortbl.sty
Package: colortbl 2012/02/13 v1.0a Color table columns (DPC)
\everycr=\toks19
\minrowclearance=\skip48
)
\rownum=\count92
Package xcolor Info: Model `cmy' substituted by `cmy0' on input line 1348.
Package xcolor Info: Model `RGB' extended on input line 1364.
Package xcolor Info: Model `HTML' substituted by `rgb' on input line 1366.
Package xcolor Info: Model `Hsb' substituted by `hsb' on input line 1367.
Package xcolor Info: Model `tHsb' substituted by `hsb' on input line 1368.
Package xcolor Info: Model `HSB' substituted by `hsb' on input line 1369.
Package xcolor Info: Model `Gray' substituted by `gray' on input line 1370.
Package xcolor Info: Model `wave' substituted by `hsb' on input line 1371.
)
(/usr/share/texlive/texmf-dist/tex/latex/tools/longtable.sty
Package: longtable 2014/10/28 v4.11 Multi-page Table package (DPC)
\LTleft=\skip49
\LTright=\skip50
\LTpre=\skip51
\LTpost=\skip52
\LTchunksize=\count93
\LTcapwidth=\dimen107
\LT@head=\box28
\LT@firsthead=\box29
\LT@foot=\box30
\LT@lastfoot=\box31
\LT@cols=\count94
\LT@rows=\count95
\c@LT@tables=\count96
\c@LT@chunks=\count97
\LT@p@ftn=\toks20
)
(/usr/share/texlive/texmf-dist/tex/latex/tabu/tabu.sty
Package: tabu 2011/02/26 v2.8 - flexible LaTeX tabulars (FC)

(/usr/share/texlive/texmf-dist/tex/latex/varwidth/varwidth.sty
Package: varwidth 2009/03/30 ver 0.92;  Variable-width minipages
\@vwid@box=\box32
\sift@deathcycles=\count98
\@vwid@loff=\dimen108
\@vwid@roff=\dimen109
)
\c@taburow=\count99
\tabu@nbcols=\count100
\tabu@cnt=\count101
\tabu@Xcol=\count102
\tabu@alloc=\count103
\tabu@nested=\count104
\tabu@target=\dimen110
\tabu@spreadtarget=\dimen111
\tabu@naturalX=\dimen112
\tabucolX=\dimen113
\tabu@Xsum=\dimen114
\extrarowdepth=\dimen115
\abovetabulinesep=\dimen116
\belowtabulinesep=\dimen117
\tabustrutrule=\dimen118
\tabu@thebody=\toks21
\tabu@footnotes=\toks22
\tabu@box=\box33
\tabu@arstrutbox=\box34
\tabu@hleads=\box35
\tabu@vleads=\box36
\tabu@cellskip=\skip53
)
(/usr/share/texlive/texmf-dist/tex/latex/tools/tabularx.sty
Package: tabularx 2016/02/03 v2.11 `tabularx' package (DPC)
\TX@col@width=\dimen119
\TX@old@table=\dimen120
\TX@old@col=\dimen121
\TX@target=\dimen122
\TX@delta=\dimen123
\TX@cols=\count105
\TX@ftn=\toks23
)
(/usr/share/texlive/texmf-dist/tex/latex/multirow/multirow.sty
Package: multirow 2016/11/25 v2.2 Span multiple rows of a table
\multirow@colwidth=\skip54
\multirow@cntb=\count106
\multirow@dima=\skip55
\bigstrutjot=\dimen124
)
\xrefbox=\box37
\xreflength=\skip56
)
(/usr/share/texlive/texmf-dist/tex/latex/adjustbox/adjustbox.sty
Package: adjustbox 2012/05/21 v1.0 Adjusting TeX boxes (trim, clip, ...)

(/usr/share/texlive/texmf-dist/tex/latex/xkeyval/xkeyval.sty
Package: xkeyval 2014/12/03 v2.7a package option processing (HA)

(/usr/share/texlive/texmf-dist/tex/generic/xkeyval/xkeyval.tex
(/usr/share/texlive/texmf-dist/tex/generic/xkeyval/xkvutils.tex
\XKV@toks=\toks24
\XKV@tempa@toks=\toks25

(/usr/share/texlive/texmf-dist/tex/generic/xkeyval/keyval.tex))
\XKV@depth=\count107
File: xkeyval.tex 2014/12/03 v2.7a key=value parser (HA)
))
(/usr/share/texlive/texmf-dist/tex/latex/adjustbox/adjcalc.sty
Package: adjcalc 2012/05/16 v1.1 Provides advanced setlength with multiple back
-ends (calc, etex, pgfmath)
)
(/usr/share/texlive/texmf-dist/tex/latex/adjustbox/trimclip.sty
Package: trimclip 2012/05/16 v1.0 Trim and clip general TeX material

(/usr/share/texlive/texmf-dist/tex/latex/graphics/graphicx.sty
Package: graphicx 2017/06/01 v1.1a Enhanced LaTeX Graphics (DPC,SPQR)

(/usr/share/texlive/texmf-dist/tex/latex/graphics/graphics.sty
Package: graphics 2017/06/25 v1.2c Standard LaTeX Graphics (DPC,SPQR)

(/usr/share/texlive/texmf-dist/tex/latex/graphics/trig.sty
Package: trig 2016/01/03 v1.10 sin cos tan (DPC)
)
(/usr/share/texlive/texmf-dist/tex/latex/graphics-cfg/graphics.cfg
File: graphics.cfg 2016/06/04 v1.11 sample graphics configuration
)
Package graphics Info: Driver file: xetex.def on input line 99.
)
\Gin@req@height=\dimen125
\Gin@req@width=\dimen126
)
(/usr/share/texlive/texmf-dist/tex/latex/collectbox/collectbox.sty
Package: collectbox 2012/05/17 v0.4b Collect macro arguments as boxes
\collectedbox=\box38
)
\tc@llx=\dimen127
\tc@lly=\dimen128
\tc@urx=\dimen129
\tc@ury=\dimen130
Package trimclip Info: Using driver 'tc-xetex.def'.

(/usr/share/texlive/texmf-dist/tex/latex/adjustbox/tc-xetex.def
File: tc-xetex.def 2012/05/13 v1.0 Clipping driver for xetex
))
\adjbox@Width=\dimen131
\adjbox@Height=\dimen132
\adjbox@Depth=\dimen133
\adjbox@Totalheight=\dimen134

(/usr/share/texlive/texmf-dist/tex/latex/ifoddpage/ifoddpage.sty
Package: ifoddpage 2016/04/23 v1.1 Conditionals for odd/even page detection
\c@checkoddpage=\count108
))
(/usr/share/texlive/texmf-dist/tex/latex/base/inputenc.sty
Package: inputenc 2015/03/17 v1.2c Input encoding file
\inpenc@prehook=\toks26
\inpenc@posthook=\toks27


Package inputenc Warning: inputenc package ignored with utf8 based engines.

) (/usr/share/texlive/texmf-dist/tex/latex/base/makeidx.sty
Package: makeidx 2014/09/29 v1.0m Standard LaTeX package
)
(/usr/share/texlive/texmf-dist/tex/latex/tools/multicol.sty
Package: multicol 2017/04/11 v1.8q multicolumn formatting (FMi)
\c@tracingmulticols=\count109
\mult@box=\box39
\multicol@leftmargin=\dimen135
\c@unbalance=\count110
\c@collectmore=\count111
\doublecol@number=\count112
\multicoltolerance=\count113
\multicolpretolerance=\count114
\full@width=\dimen136
\page@free=\dimen137
\premulticols=\dimen138
\postmulticols=\dimen139
\multicolsep=\skip57
\multicolbaselineskip=\skip58
\partial@page=\box40
\last@line=\box41
\maxbalancingoverflow=\dimen140
\mult@rightbox=\box42
\mult@grightbox=\box43
\mult@gfirstbox=\box44
\mult@firstbox=\box45
\@tempa=\box46
\@tempa=\box47
\@tempa=\box48
\@tempa=\box49
\@tempa=\box50
\@tempa=\box51
\@tempa=\box52
\@tempa=\box53
\@tempa=\box54
\@tempa=\box55
\@tempa=\box56
\@tempa=\box57
\@tempa=\box58
\@tempa=\box59
\@tempa=\box60
\@tempa=\box61
\@tempa=\box62
\c@columnbadness=\count115
\c@finalcolumnbadness=\count116
\last@try=\dimen141
\multicolovershoot=\dimen142
\multicolundershoot=\dimen143
\mult@nat@firstbox=\box63
\colbreak@box=\box64
\mc@col@check@num=\count117
)
(/usr/share/texlive/texmf-dist/tex/latex/base/textcomp.sty
Package: textcomp 2017/04/05 v2.0i Standard LaTeX package
Package textcomp Info: Sub-encoding information:
(textcomp)               5 = only ISO-Adobe without \textcurrency
(textcomp)               4 = 5 + \texteuro
(textcomp)               3 = 4 + \textohm
(textcomp)               2 = 3 + \textestimated + \textcurrency
(textcomp)               1 = TS1 - \textcircled - \t
(textcomp)               0 = TS1 (full)
(textcomp)             Font families with sub-encoding setting implement
(textcomp)             only a restricted character set as indicated.
(textcomp)             Family '?' is the default used for unknown fonts.
(textcomp)             See the documentation for details.
Package textcomp Info: Setting ? sub-encoding to TS1/1 on input line 79.

(/usr/share/texlive/texmf-dist/tex/latex/base/ts1enc.def
File: ts1enc.def 2001/06/05 v3.0e (jk/car/fm) Standard LaTeX file
)
LaTeX Info: Redefining \oldstylenums on input line 334.
Package textcomp Info: Setting cmr sub-encoding to TS1/0 on input line 349.
Package textcomp Info: Setting cmss sub-encoding to TS1/0 on input line 350.
Package textcomp Info: Setting cmtt sub-encoding to TS1/0 on input line 351.
Package textcomp Info: Setting cmvtt sub-encoding to TS1/0 on input line 352.
Package textcomp Info: Setting cmbr sub-encoding to TS1/0 on input line 353.
Package textcomp Info: Setting cmtl sub-encoding to TS1/0 on input line 354.
Package textcomp Info: Setting ccr sub-encoding to TS1/0 on input line 355.
Package textcomp Info: Setting ptm sub-encoding to TS1/4 on input line 356.
Package textcomp Info: Setting pcr sub-encoding to TS1/4 on input line 357.
Package textcomp Info: Setting phv sub-encoding to TS1/4 on input line 358.
Package textcomp Info: Setting ppl sub-encoding to TS1/3 on input line 359.
Package textcomp Info: Setting pag sub-encoding to TS1/4 on input line 360.
Package textcomp Info: Setting pbk sub-encoding to TS1/4 on input line 361.
Package textcomp Info: Setting pnc sub-encoding to TS1/4 on input line 362.
Package textcomp Info: Setting pzc sub-encoding to TS1/4 on input line 363.
Package textcomp Info: Setting bch sub-encoding to TS1/4 on input line 364.
Package textcomp Info: Setting put sub-encoding to TS1/5 on input line 365.
Package textcomp Info: Setting uag sub-encoding to TS1/5 on input line 366.
Package textcomp Info: Setting ugq sub-encoding to TS1/5 on input line 367.
Package textcomp Info: Setting ul8 sub-encoding to TS1/4 on input line 368.
Package textcomp Info: Setting ul9 sub-encoding to TS1/4 on input line 369.
Package textcomp Info: Setting augie sub-encoding to TS1/5 on input line 370.
Package textcomp Info: Setting dayrom sub-encoding to TS1/3 on input line 371.
Package textcomp Info: Setting dayroms sub-encoding to TS1/3 on input line 372.

Package textcomp Info: Setting pxr sub-encoding to TS1/0 on input line 373.
Package textcomp Info: Setting pxss sub-encoding to TS1/0 on input line 374.
Package textcomp Info: Setting pxtt sub-encoding to TS1/0 on input line 375.
Package textcomp Info: Setting txr sub-encoding to TS1/0 on input line 376.
Package textcomp Info: Setting txss sub-encoding to TS1/0 on input line 377.
Package textcomp Info: Setting txtt sub-encoding to TS1/0 on input line 378.
Package textcomp Info: Setting lmr sub-encoding to TS1/0 on input line 379.
Package textcomp Info: Setting lmdh sub-encoding to TS1/0 on input line 380.
Package textcomp Info: Setting lmss sub-encoding to TS1/0 on input line 381.
Package textcomp Info: Setting lmssq sub-encoding to TS1/0 on input line 382.
Package textcomp Info: Setting lmvtt sub-encoding to TS1/0 on input line 383.
Package textcomp Info: Setting lmtt sub-encoding to TS1/0 on input line 384.
Package textcomp Info: Setting qhv sub-encoding to TS1/0 on input line 385.
Package textcomp Info: Setting qag sub-encoding to TS1/0 on input line 386.
Package textcomp Info: Setting qbk sub-encoding to TS1/0 on input line 387.
Package textcomp Info: Setting qcr sub-encoding to TS1/0 on input line 388.
Package textcomp Info: Setting qcs sub-encoding to TS1/0 on input line 389.
Package textcomp Info: Setting qpl sub-encoding to TS1/0 on input line 390.
Package textcomp Info: Setting qtm sub-encoding to TS1/0 on input line 391.
Package textcomp Info: Setting qzc sub-encoding to TS1/0 on input line 392.
Package textcomp Info: Setting qhvc sub-encoding to TS1/0 on input line 393.
Package textcomp Info: Setting futs sub-encoding to TS1/4 on input line 394.
Package textcomp Info: Setting futx sub-encoding to TS1/4 on input line 395.
Package textcomp Info: Setting futj sub-encoding to TS1/4 on input line 396.
Package textcomp Info: Setting hlh sub-encoding to TS1/3 on input line 397.
Package textcomp Info: Setting hls sub-encoding to TS1/3 on input line 398.
Package textcomp Info: Setting hlst sub-encoding to TS1/3 on input line 399.
Package textcomp Info: Setting hlct sub-encoding to TS1/5 on input line 400.
Package textcomp Info: Setting hlx sub-encoding to TS1/5 on input line 401.
Package textcomp Info: Setting hlce sub-encoding to TS1/5 on input line 402.
Package textcomp Info: Setting hlcn sub-encoding to TS1/5 on input line 403.
Package textcomp Info: Setting hlcw sub-encoding to TS1/5 on input line 404.
Package textcomp Info: Setting hlcf sub-encoding to TS1/5 on input line 405.
Package textcomp Info: Setting pplx sub-encoding to TS1/3 on input line 406.
Package textcomp Info: Setting pplj sub-encoding to TS1/3 on input line 407.
Package textcomp Info: Setting ptmx sub-encoding to TS1/4 on input line 408.
Package textcomp Info: Setting ptmj sub-encoding to TS1/4 on input line 409.
)
(/usr/share/texlive/texmf-dist/tex/latex/wasysym/wasysym.sty
Package: wasysym 2003/10/30 v2.0 Wasy-2 symbol support package
\symwasy=\mathgroup4
LaTeX Font Info:    Overwriting symbol font `wasy' in version `bold'
(Font)                  U/wasy/m/n --> U/wasy/b/n on input line 90.
)
(/usr/share/texlive/texmf-dist/tex/latex/base/fontenc.sty
Package: fontenc 2017/04/05 v2.0i Standard LaTeX package

(/usr/share/texlive/texmf-dist/tex/latex/base/t1enc.def
File: t1enc.def 2017/04/05 v2.0i Standard LaTeX file
LaTeX Font Info:    Redeclaring font encoding T1 on input line 48.
)
LaTeX Font Info:    Try loading font information for T1+lmr on input line 105.

(/usr/share/texmf/tex/latex/lm/t1lmr.fd
File: t1lmr.fd 2009/10/30 v1.6 Font defs for Latin Modern
))
(/usr/share/texlive/texmf-dist/tex/latex/psnfss/helvet.sty
Package: helvet 2005/04/12 PSNFSS-v9.2a (WaS) 
)
(/usr/share/texlive/texmf-dist/tex/latex/psnfss/courier.sty
Package: courier 2005/04/12 PSNFSS-v9.2a (WaS) 
)
(/usr/share/texlive/texmf-dist/tex/latex/amsfonts/amssymb.sty
Package: amssymb 2013/01/14 v3.01 AMS font symbols

(/usr/share/texlive/texmf-dist/tex/latex/amsfonts/amsfonts.sty
Package: amsfonts 2013/01/14 v3.01 Basic AMSFonts support
\@emptytoks=\toks28
\symAMSa=\mathgroup5
\symAMSb=\mathgroup6
LaTeX Font Info:    Overwriting math alphabet `\mathfrak' in version `bold'
(Font)                  U/euf/m/n --> U/euf/b/n on input line 106.
))
(/usr/share/texlive/texmf-dist/tex/latex/sectsty/sectsty.sty
Package: sectsty 2002/02/25 v2.0.2 Commands to change all sectional heading sty
les
)
(/usr/share/texlive/texmf-dist/tex/latex/geometry/geometry.sty
Package: geometry 2010/09/12 v5.6 Page Geometry

(/usr/share/texlive/texmf-dist/tex/generic/oberdiek/ifpdf.sty
Package: ifpdf 2017/03/15 v3.2 Provides the ifpdf switch
)
(/usr/share/texlive/texmf-dist/tex/generic/oberdiek/ifvtex.sty
Package: ifvtex 2016/05/16 v1.6 Detect VTeX and its facilities (HO)
Package ifvtex Info: VTeX not detected.
)
(/usr/share/texlive/texmf-dist/tex/generic/ifxetex/ifxetex.sty
Package: ifxetex 2010/09/12 v0.6 Provides ifxetex conditional
)
\Gm@cnth=\count118
\Gm@cntv=\count119
\c@Gm@tempcnt=\count120
\Gm@bindingoffset=\dimen144
\Gm@wd@mp=\dimen145
\Gm@odd@mp=\dimen146
\Gm@even@mp=\dimen147
\Gm@layoutwidth=\dimen148
\Gm@layoutheight=\dimen149
\Gm@layouthoffset=\dimen150
\Gm@layoutvoffset=\dimen151
\Gm@dimlist=\toks29
)
(/usr/share/texlive/texmf-dist/tex/latex/fancyhdr/fancyhdr.sty
Package: fancyhdr 2017/06/30 v3.9a Extensive control of page headers and footer
s
\f@nch@headwidth=\skip59
\f@nch@O@elh=\skip60
\f@nch@O@erh=\skip61
\f@nch@O@olh=\skip62
\f@nch@O@orh=\skip63
\f@nch@O@elf=\skip64
\f@nch@O@erf=\skip65
\f@nch@O@olf=\skip66
\f@nch@O@orf=\skip67
)
(/usr/share/texlive/texmf-dist/tex/latex/natbib/natbib.sty
Package: natbib 2010/09/13 8.31b (PWD, AO)
\bibhang=\skip68
\bibsep=\skip69
LaTeX Info: Redefining \cite on input line 694.
\c@NAT@ctr=\count121
)
(/usr/share/texlive/texmf-dist/tex/latex/tocloft/tocloft.sty
Package: tocloft 2017/08/31 v2.3i parameterised ToC, etc., typesetting
Package tocloft Info: The document has chapter divisions on input line 51.
\cftparskip=\skip70
\cftbeforetoctitleskip=\skip71
\cftaftertoctitleskip=\skip72
\cftbeforepartskip=\skip73
\cftpartnumwidth=\skip74
\cftpartindent=\skip75
\cftbeforechapskip=\skip76
\cftchapindent=\skip77
\cftchapnumwidth=\skip78
\cftbeforesecskip=\skip79
\cftsecindent=\skip80
\cftsecnumwidth=\skip81
\cftbeforesubsecskip=\skip82
\cftsubsecindent=\skip83
\cftsubsecnumwidth=\skip84
\cftbeforesubsubsecskip=\skip85
\cftsubsubsecindent=\skip86
\cftsubsubsecnumwidth=\skip87
\cftbeforeparaskip=\skip88
\cftparaindent=\skip89
\cftparanumwidth=\skip90
\cftbeforesubparaskip=\skip91
\cftsubparaindent=\skip92
\cftsubparanumwidth=\skip93
\cftbeforeloftitleskip=\skip94
\cftafterloftitleskip=\skip95
\cftbeforefigskip=\skip96
\cftfigindent=\skip97
\cftfignumwidth=\skip98
\c@lofdepth=\count122
\c@lotdepth=\count123
\cftbeforelottitleskip=\skip99
\cftafterlottitleskip=\skip100
\cftbeforetabskip=\skip101
\cfttabindent=\skip102
\cfttabnumwidth=\skip103
)
\@indexfile=\write3
\openout3 = `refman.idx'.


Writing index file refman.idx
(/usr/share/texlive/texmf-dist/tex/latex/hyperref/hyperref.sty
Package: hyperref 2018/02/06 v6.86b Hypertext links for LaTeX

(/usr/share/texlive/texmf-dist/tex/generic/oberdiek/hobsub-hyperref.sty
Package: hobsub-hyperref 2016/05/16 v1.14 Bundle oberdiek, subset hyperref (HO)


(/usr/share/texlive/texmf-dist/tex/generic/oberdiek/hobsub-generic.sty
Package: hobsub-generic 2016/05/16 v1.14 Bundle oberdiek, subset generic (HO)
Package: hobsub 2016/05/16 v1.14 Construct package bundles (HO)
Package: infwarerr 2016/05/16 v1.4 Providing info/warning/error messages (HO)
Package: ltxcmds 2016/05/16 v1.23 LaTeX kernel commands for general use (HO)
Package: ifluatex 2016/05/16 v1.4 Provides the ifluatex switch (HO)
Package ifluatex Info: LuaTeX not detected.
Package hobsub Info: Skipping package `ifvtex' (already loaded).
Package: intcalc 2016/05/16 v1.2 Expandable calculations with integers (HO)
Package hobsub Info: Skipping package `ifpdf' (already loaded).
Package: etexcmds 2016/05/16 v1.6 Avoid name clashes with e-TeX commands (HO)
Package etexcmds Info: Could not find \expanded.
(etexcmds)             That can mean that you are not using pdfTeX 1.50 or
(etexcmds)             that some package has redefined \expanded.
(etexcmds)             In the latter case, load this package earlier.
Package: kvsetkeys 2016/05/16 v1.17 Key value parser (HO)
Package: kvdefinekeys 2016/05/16 v1.4 Define keys (HO)
Package: pdftexcmds 2018/01/21 v0.26 Utility functions of pdfTeX for LuaTeX (HO
)
Package pdftexcmds Info: LuaTeX not detected.
Package pdftexcmds Info: pdfTeX >= 1.30 not detected.
Package pdftexcmds Info: \pdf@primitive is available.
Package pdftexcmds Info: \pdf@ifprimitive is available.
Package pdftexcmds Info: \pdfdraftmode not found.
Package: pdfescape 2016/05/16 v1.14 Implements pdfTeX's escape features (HO)
Package: bigintcalc 2016/05/16 v1.4 Expandable calculations on big integers (HO
)
Package: bitset 2016/05/16 v1.2 Handle bit-vector datatype (HO)
Package: uniquecounter 2016/05/16 v1.3 Provide unlimited unique counter (HO)
)
Package hobsub Info: Skipping package `hobsub' (already loaded).
Package: letltxmacro 2016/05/16 v1.5 Let assignment for LaTeX macros (HO)
Package: hopatch 2016/05/16 v1.3 Wrapper for package hooks (HO)
Package: xcolor-patch 2016/05/16 xcolor patch
Package: atveryend 2016/05/16 v1.9 Hooks at the very end of document (HO)
Package atveryend Info: \enddocument detected (standard20110627).
Package: atbegshi 2016/06/09 v1.18 At begin shipout hook (HO)
Package: refcount 2016/05/16 v3.5 Data extraction from label references (HO)
Package: hycolor 2016/05/16 v1.8 Color options for hyperref/bookmark (HO)
)
(/usr/share/texlive/texmf-dist/tex/latex/oberdiek/auxhook.sty
Package: auxhook 2016/05/16 v1.4 Hooks for auxiliary files (HO)
)
(/usr/share/texlive/texmf-dist/tex/latex/oberdiek/kvoptions.sty
Package: kvoptions 2016/05/16 v3.12 Key value format for package options (HO)
)
\@linkdim=\dimen152
\Hy@linkcounter=\count124
\Hy@pagecounter=\count125

(/usr/share/texlive/texmf-dist/tex/latex/hyperref/pd1enc.def
File: pd1enc.def 2018/02/06 v6.86b Hyperref: PDFDocEncoding definition (HO)
)
\Hy@SavedSpaceFactor=\count126

(/usr/share/texlive/texmf-dist/tex/latex/latexconfig/hyperref.cfg
File: hyperref.cfg 2002/06/06 v1.2 hyperref configuration of TeXLive
)

! Package hyperref Error: Wrong DVI mode driver option `ps2pdf',
(hyperref)                because XeTeX is running.

See the hyperref package documentation for explanation.
Type  H <return>  for immediate help.
 ...                                              
                                                  
l.4383 \ProcessKeyvalOptions{Hyp}
                                 
Try typing  <return>  to proceed.
If that doesn't work, type  X <return>  to quit.

Package hyperref Info: Hyper figures OFF on input line 4509.
Package hyperref Info: Link nesting OFF on input line 4514.
Package hyperref Info: Hyper index ON on input line 4517.
Package hyperref Info: Plain pages OFF on input line 4524.
Package hyperref Info: Backreferencing ON on input line 4527.
Package hyperref Info: Implicit mode ON; LaTeX internals redefined.
Package hyperref Info: Bookmarks ON on input line 4762.
(/usr/share/texlive/texmf-dist/tex/latex/hyperref/backref.sty
Package: backref 2016/05/21 v1.39 Bibliographical back referencing

(/usr/share/texlive/texmf-dist/tex/latex/oberdiek/rerunfilecheck.sty
Package: rerunfilecheck 2016/05/16 v1.8 Rerun checks for auxiliary files (HO)
Package rerunfilecheck Info: Feature \pdfmdfivesum is not available
(rerunfilecheck)             (e.g. pdfTeX or LuaTeX with package `pdftexcmds').

(rerunfilecheck)             Therefore file contents cannot be checked efficien
tly
(rerunfilecheck)             and the loading of the package is aborted.
))
\c@Hy@tempcnt=\count127

(/usr/share/texlive/texmf-dist/tex/latex/url/url.sty
\Urlmuskip=\muskip10
Package: url 2013/09/16  ver 3.4  Verb mode for urls, etc.
)
LaTeX Info: Redefining \url on input line 5115.
\XeTeXLinkMargin=\dimen153
\Fld@menulength=\count128
\Field@Width=\dimen154
\Fld@charsize=\dimen155
Package hyperref Info: Hyper figures OFF on input line 6369.
Package hyperref Info: Link nesting OFF on input line 6374.
Package hyperref Info: Hyper index ON on input line 6377.
Package hyperref Info: backreferencing ON on input line 6382.
Package hyperref Info: Link coloring OFF on input line 6389.
Package hyperref Info: Link coloring with OCG OFF on input line 6394.
Package hyperref Info: PDF/A mode OFF on input line 6399.
LaTeX Info: Redefining \ref on input line 6439.
LaTeX Info: Redefining \pageref on input line 6443.
\Hy@abspage=\count129
\c@Item=\count130
\c@Hfootnote=\count131
)
Package hyperref Info: Driver (autodetected): hxetex.

(/usr/share/texlive/texmf-dist/tex/latex/hyperref/hxetex.def
File: hxetex.def 2018/02/06 v6.86b Hyperref driver for XeTeX

(/usr/share/texlive/texmf-dist/tex/latex/hyperref/puenc.def
File: puenc.def 2018/02/06 v6.86b Hyperref: PDF Unicode definition (HO)
)
(/usr/share/texlive/texmf-dist/tex/generic/oberdiek/stringenc.sty
Package: stringenc 2016/05/16 v1.11 Convert strings between diff. encodings (HO
)
)
\pdfm@box=\box65
\c@Hy@AnnotLevel=\count132
\HyField@AnnotCount=\count133
\Fld@listcount=\count134
\c@bookmark@seq@number=\count135
\Hy@SectionHShift=\skip104
)
Package hyperref Info: Option `colorlinks' set `true' on input line 105.
Package hyperref Info: Option `unicode' set `true' on input line 105.

(/usr/share/texlive/texmf-dist/tex/latex/caption/caption.sty
Package: caption 2016/02/21 v3.3-144 Customizing captions (AR)

(/usr/share/texlive/texmf-dist/tex/latex/caption/caption3.sty
Package: caption3 2016/05/22 v1.7-166 caption3 kernel (AR)
Package caption3 Info: TeX engine: e-TeX on input line 67.
\captionmargin=\dimen156
\captionmargin@=\dimen157
\captionwidth=\dimen158
\caption@tempdima=\dimen159
\caption@indent=\dimen160
\caption@parindent=\dimen161
\caption@hangindent=\dimen162
)
\c@ContinuedFloat=\count136
Package caption Info: float package is loaded.
Package caption Info: hyperref package is loaded.
Package caption Info: longtable package is loaded.

(/usr/share/texlive/texmf-dist/tex/latex/caption/ltcaption.sty
Package: ltcaption 2013/06/09 v1.4-94 longtable captions (AR)
))
No file refman.aux.
\openout1 = `refman.aux'.

LaTeX Font Info:    Checking defaults for OML/cmm/m/it on input line 117.
LaTeX Font Info:    ... okay on input line 117.
LaTeX Font Info:    Checking defaults for T1/cmr/m/n on input line 117.
LaTeX Font Info:    ... okay on input line 117.
LaTeX Font Info:    Checking defaults for OT1/cmr/m/n on input line 117.
LaTeX Font Info:    ... okay on input line 117.
LaTeX Font Info:    Checking defaults for OMS/cmsy/m/n on input line 117.
LaTeX Font Info:    ... okay on input line 117.
LaTeX Font Info:    Checking defaults for TU/lmr/m/n on input line 117.
LaTeX Font Info:    ... okay on input line 117.
LaTeX Font Info:    Checking defaults for OMX/cmex/m/n on input line 117.
LaTeX Font Info:    ... okay on input line 117.
LaTeX Font Info:    Checking defaults for U/cmr/m/n on input line 117.
LaTeX Font Info:    ... okay on input line 117.
LaTeX Font Info:    Checking defaults for TS1/cmr/m/n on input line 117.
LaTeX Font Info:    Try loading font information for TS1+cmr on input line 117.

(/usr/share/texlive/texmf-dist/tex/latex/base/ts1cmr.fd
File: ts1cmr.fd 2014/09/29 v2.5h Standard LaTeX font definitions
)
LaTeX Font Info:    ... okay on input line 117.
LaTeX Font Info:    Checking defaults for PD1/pdf/m/n on input line 117.
LaTeX Font Info:    ... okay on input line 117.
LaTeX Font Info:    Checking defaults for PU/pdf/m/n on input line 117.
LaTeX Font Info:    ... okay on input line 117.
LaTeX Font Info:    Try loading font information for T1+phv on input line 117.

(/usr/share/texlive/texmf-dist/tex/latex/psnfss/t1phv.fd
File: t1phv.fd 2001/06/04 scalable font definitions for T1/phv.
)
LaTeX Font Info:    Font shape `T1/phv/m/n' will be
(Font)              scaled to size 8.99994pt on input line 117.

*geometry* driver: auto-detecting
*geometry* detected driver: xetex
*geometry* verbose mode - [ preamble ] result:
* driver: xetex
* paper: a4paper
* layout: <same size as paper>
* layoutoffset:(h,v)=(0.0pt,0.0pt)
* modes: twoside 
* h-part:(L,W,R)=(71.13188pt, 455.24411pt, 71.13188pt)
* v-part:(T,H,B)=(71.13188pt, 702.78308pt, 71.13188pt)
* \paperwidth=597.50787pt
* \paperheight=845.04684pt
* \textwidth=455.24411pt
* \textheight=702.78308pt
* \oddsidemargin=-1.1381pt
* \evensidemargin=-1.1381pt
* \topmargin=-31.2056pt
* \headheight=12.0pt
* \headsep=18.06749pt
* \topskip=10.0pt
* \footskip=25.29494pt
* \marginparwidth=125.0pt
* \marginparsep=7.0pt
* \columnsep=10.0pt
* \skip\footins=9.0pt plus 4.0pt minus 2.0pt
* \hoffset=0.0pt
* \voffset=0.0pt
* \mag=1000
* \@twocolumnfalse
* \@twosidetrue
* \@mparswitchtrue
* \@reversemarginfalse
* (1in=72.27pt=25.4mm, 1cm=28.453pt)

\AtBeginShipoutBox=\box66
Package backref Info: ** backref set up for natbib ** on input line 117.
Package hyperref Info: Link coloring ON on input line 117.
(/usr/share/texlive/texmf-dist/tex/latex/hyperref/nameref.sty
Package: nameref 2016/05/21 v2.44 Cross-referencing by name of section

(/usr/share/texlive/texmf-dist/tex/generic/oberdiek/gettitlestring.sty
Package: gettitlestring 2016/05/16 v1.5 Cleanup title references (HO)
)
\c@section@level=\count137
)
LaTeX Info: Redefining \ref on input line 117.
LaTeX Info: Redefining \pageref on input line 117.
LaTeX Info: Redefining \nameref on input line 117.
\@outlinefile=\write4
\openout4 = `refman.out'.



Package hyperref Warning: Rerun to get /PageLabels entry.

Package caption Info: Begin \AtBeginDocument code.
Package caption Info: End \AtBeginDocument code.
Package hyperref Info: Option `pageanchor' set `false' on input line 123.
Package hyperref Info: Option `bookmarksnumbered' set `true' on input line 123.

LaTeX Font Info:    Font shape `T1/phv/m/n' will be
(Font)              scaled to size 12.9599pt on input line 128.
LaTeX Font Info:    Font shape `T1/phv/m/n' will be
(Font)              scaled to size 6.29996pt on input line 128.
LaTeX Font Info:    Try loading font information for U+wasy on input line 128.
(/usr/share/texlive/texmf-dist/tex/latex/wasysym/uwasy.fd
File: uwasy.fd 2003/10/30 v2.0 Wasy-2 symbol font definitions
)
LaTeX Font Info:    Try loading font information for U+msa on input line 128.

(/usr/share/texlive/texmf-dist/tex/latex/amsfonts/umsa.fd
File: umsa.fd 2013/01/14 v3.01 AMS symbols A
)
LaTeX Font Info:    Try loading font information for U+msb on input line 128.

(/usr/share/texlive/texmf-dist/tex/latex/amsfonts/umsb.fd
File: umsb.fd 2013/01/14 v3.01 AMS symbols B
)
LaTeX Font Info:    Font shape `T1/phv/m/n' will be
(Font)              scaled to size 10.79993pt on input line 128.
 [1


] [2

]
LaTeX Font Info:    Font shape `T1/phv/m/n' will be
(Font)              scaled to size 22.39185pt on input line 135.
LaTeX Font Info:    Font shape `T1/phv/bx/n' in size <24.88> not available
(Font)              Font shape `T1/phv/b/n' tried instead on input line 135.
LaTeX Font Info:    Font shape `T1/phv/b/n' will be
(Font)              scaled to size 22.39185pt on input line 135.
LaTeX Font Info:    Font shape `T1/phv/bc/n' will be
(Font)              scaled to size 22.39185pt on input line 135.
\tf@toc=\write5
\openout5 = `refman.toc'.

 [1

] [2

]
Package hyperref Info: Option `pageanchor' set `true' on input line 138.

Chapter 1.
LaTeX Font Info:    Font shape `T1/phv/m/n' will be
(Font)              scaled to size 18.66588pt on input line 141.
LaTeX Font Info:    Font shape `T1/phv/bx/n' in size <20.74> not available
(Font)              Font shape `T1/phv/b/n' tried instead on input line 141.
LaTeX Font Info:    Font shape `T1/phv/b/n' will be
(Font)              scaled to size 18.66588pt on input line 141.
LaTeX Font Info:    Font shape `T1/phv/bc/n' will be
(Font)              scaled to size 18.66588pt on input line 141.
(./md_camera_model_readme.tex
LaTeX Font Info:    Try loading font information for T1+pcr on input line 1.

(/usr/share/texlive/texmf-dist/tex/latex/psnfss/t1pcr.fd
File: t1pcr.fd 2001/06/04 font definitions for T1/pcr.
)
LaTeX Font Info:    Font shape `T1/phv/bx/n' in size <14.4> not available
(Font)              Font shape `T1/phv/b/n' tried instead on input line 5.
LaTeX Font Info:    Font shape `T1/phv/b/n' will be
(Font)              scaled to size 12.9599pt on input line 5.
LaTeX Font Info:    Font shape `T1/phv/bc/n' will be
(Font)              scaled to size 12.9599pt on input line 5.
LaTeX Font Info:    Font shape `T1/phv/bc/n' will be
(Font)              scaled to size 6.29996pt on input line 5.
LaTeX Font Info:    Try loading font information for TS1+phv on input line 15.

(/usr/share/texlive/texmf-dist/tex/latex/psnfss/ts1phv.fd
File: ts1phv.fd 2001/06/04 scalable font definitions for TS1/phv.
)
LaTeX Font Info:    Font shape `TS1/phv/m/n' will be
(Font)              scaled to size 8.99994pt on input line 15.
) [1

]
LaTeX Font Info:    Font shape `T1/phv/bx/n' in size <10> not available
(Font)              Font shape `T1/phv/b/n' tried instead on input line 145.
LaTeX Font Info:    Font shape `T1/phv/b/n' will be
(Font)              scaled to size 8.99994pt on input line 145.
LaTeX Font Info:    Font shape `T1/phv/bx/n' in size <7> not available
(Font)              Font shape `T1/phv/b/n' tried instead on input line 145.
LaTeX Font Info:    Font shape `T1/phv/b/n' will be
(Font)              scaled to size 6.29996pt on input line 145.
 [2

]
Chapter 2.
(./hierarchy.tex

LaTeX Warning: Reference `classcamodocal_1_1Camera' on page 3 undefined on inpu
t line 3.


LaTeX Warning: Reference `classcamodocal_1_1CataCamera' on page 3 undefined on 
input line 5.


LaTeX Warning: Reference `classcamodocal_1_1EquidistantCamera' on page 3 undefi
ned on input line 6.


LaTeX Warning: Reference `classcamodocal_1_1OCAMCamera' on page 3 undefined on 
input line 7.


LaTeX Warning: Reference `classcamodocal_1_1PinholeCamera' on page 3 undefined 
on input line 8.


LaTeX Warning: Reference `classcamodocal_1_1CameraCalibration' on page 3 undefi
ned on input line 10.


LaTeX Warning: Reference `classcamodocal_1_1CameraFactory' on page 3 undefined 
on input line 11.


LaTeX Warning: Reference `classCameraPoseVisualization' on page 3 undefined on 
input line 12.


LaTeX Warning: Reference `classcamodocal_1_1Chessboard' on page 3 undefined on 
input line 13.


LaTeX Warning: Reference `classcamodocal_1_1ChessboardCorner' on page 3 undefin
ed on input line 14.


LaTeX Warning: Reference `classcamodocal_1_1ChessboardQuad' on page 3 undefined
 on input line 15.


LaTeX Warning: Reference `classcamodocal_1_1ComprehensionError' on page 3 undef
ined on input line 16.


LaTeX Warning: Reference `classMarginalizationFactor' on page 3 undefined on in
put line 18.


LaTeX Warning: Reference `classcamodocal_1_1CostFunctionFactory' on page 3 unde
fined on input line 20.


LaTeX Warning: Reference `classEstimator' on page 3 undefined on input line 21.



LaTeX Warning: Reference `classFeatureManager' on page 3 undefined on input lin
e 22.


LaTeX Warning: Reference `classFeaturePerFrame' on page 3 undefined on input li
ne 23.


LaTeX Warning: Reference `classFeaturePerId' on page 3 undefined on input line 
24.


LaTeX Warning: Reference `classFileSystemHelper' on page 3 undefined on input l
ine 25.


LaTeX Warning: Reference `classGlobalSFM' on page 3 undefined on input line 26.



LaTeX Warning: Reference `classImageFrame' on page 3 undefined on input line 27
.


LaTeX Warning: Reference `classInitialEXRotation' on page 3 undefined on input 
line 28.


LaTeX Warning: Reference `classIntegrationBase' on page 3 undefined on input li
ne 29.


LaTeX Warning: Reference `classcamodocal_1_1EigenQuaternionParameterization' on
 page 3 undefined on input line 31.


LaTeX Warning: Reference `classPoseLocalParameterization' on page 3 undefined o
n input line 32.


LaTeX Warning: Reference `classMarginalizationInfo' on page 3 undefined on inpu
t line 34.


LaTeX Warning: Reference `classMotionEstimator' on page 3 undefined on input li
ne 35.


LaTeX Warning: Reference `classcamodocal_1_1Camera_1_1Parameters' on page 3 und
efined on input line 36.


LaTeX Warning: Reference `classcamodocal_1_1CataCamera_1_1Parameters' on page 3
 undefined on input line 38.


LaTeX Warning: Reference `classcamodocal_1_1EquidistantCamera_1_1Parameters' on
 page 3 undefined on input line 39.


LaTeX Warning: Reference `classcamodocal_1_1OCAMCamera_1_1Parameters' on page 3
 undefined on input line 40.


LaTeX Warning: Reference `classcamodocal_1_1PinholeCamera_1_1Parameters' on pag
e 3 undefined on input line 41.


LaTeX Warning: Reference `classcamodocal_1_1ReprojectionError1' on page 3 undef
ined on input line 43.


LaTeX Warning: Reference `classcamodocal_1_1ReprojectionError2' on page 3 undef
ined on input line 44.


LaTeX Warning: Reference `classcamodocal_1_1ReprojectionError3' on page 3 undef
ined on input line 45.


LaTeX Warning: Reference `structReprojectionError3D' on page 3 undefined on inp
ut line 46.


LaTeX Warning: Reference `structResidualBlockInfo' on page 3 undefined on input
 line 47.

[3]

LaTeX Warning: Reference `structSFMFeature' on page 4 undefined on input line 4
8.


LaTeX Warning: Reference `classIMUFactor' on page 4 undefined on input line 50.



LaTeX Warning: Reference `classProjectionFactor' on page 4 undefined on input l
ine 51.


LaTeX Warning: Reference `classProjectionTdFactor' on page 4 undefined on input
 line 52.


LaTeX Warning: Reference `classcamodocal_1_1StereoReprojectionError' on page 4 
undefined on input line 54.


LaTeX Warning: Reference `structThreadsStruct' on page 4 undefined on input lin
e 55.


LaTeX Warning: Reference `classTicToc' on page 4 undefined on input line 56.


LaTeX Warning: Reference `classcamodocal_1_1Transform' on page 4 undefined on i
nput line 57.


LaTeX Warning: Reference `structUtility_1_1uint__' on page 4 undefined on input
 line 58.


LaTeX Warning: Reference `classUtility' on page 4 undefined on input line 59.


LaTeX Warning: Reference `classSpline' on page 4 undefined on input line 61.

) [4]
Chapter 3.
(./annotated.tex

LaTeX Warning: Reference `classcamodocal_1_1Camera' on page 5 undefined on inpu
t line 3.


LaTeX Warning: Reference `classcamodocal_1_1CameraCalibration' on page 5 undefi
ned on input line 4.


LaTeX Warning: Reference `classcamodocal_1_1CameraFactory' on page 5 undefined 
on input line 5.


LaTeX Warning: Reference `classCameraPoseVisualization' on page 5 undefined on 
input line 6.


LaTeX Warning: Reference `classcamodocal_1_1CataCamera' on page 5 undefined on 
input line 7.


LaTeX Warning: Reference `classcamodocal_1_1Chessboard' on page 5 undefined on 
input line 8.


LaTeX Warning: Reference `classcamodocal_1_1ChessboardCorner' on page 5 undefin
ed on input line 9.


LaTeX Warning: Reference `classcamodocal_1_1ChessboardQuad' on page 5 undefined
 on input line 10.


LaTeX Warning: Reference `classcamodocal_1_1ComprehensionError' on page 5 undef
ined on input line 11.


LaTeX Warning: Reference `classcamodocal_1_1CostFunctionFactory' on page 5 unde
fined on input line 12.


LaTeX Warning: Reference `classcamodocal_1_1EigenQuaternionParameterization' on
 page 5 undefined on input line 13.


LaTeX Warning: Reference `classcamodocal_1_1EquidistantCamera' on page 5 undefi
ned on input line 14.


LaTeX Warning: Reference `classEstimator' on page 5 undefined on input line 15.



LaTeX Warning: Reference `classFeatureManager' on page 5 undefined on input lin
e 16.


LaTeX Warning: Reference `classFeaturePerFrame' on page 5 undefined on input li
ne 17.


LaTeX Warning: Reference `classFeaturePerId' on page 5 undefined on input line 
18.


LaTeX Warning: Reference `classFileSystemHelper' on page 5 undefined on input l
ine 19.


LaTeX Warning: Reference `classGlobalSFM' on page 5 undefined on input line 20.



LaTeX Warning: Reference `classImageFrame' on page 5 undefined on input line 21
.


LaTeX Warning: Reference `classIMUFactor' on page 5 undefined on input line 22.



LaTeX Warning: Reference `classInitialEXRotation' on page 5 undefined on input 
line 23.


LaTeX Warning: Reference `classIntegrationBase' on page 5 undefined on input li
ne 24.


LaTeX Warning: Reference `classMarginalizationFactor' on page 5 undefined on in
put line 25.


LaTeX Warning: Reference `classMarginalizationInfo' on page 5 undefined on inpu
t line 26.


LaTeX Warning: Reference `classMotionEstimator' on page 5 undefined on input li
ne 27.


LaTeX Warning: Reference `classcamodocal_1_1OCAMCamera' on page 5 undefined on 
input line 28.


LaTeX Warning: Reference `classcamodocal_1_1CataCamera_1_1Parameters' on page 5
 undefined on input line 29.


LaTeX Warning: Reference `classcamodocal_1_1EquidistantCamera_1_1Parameters' on
 page 5 undefined on input line 30.


LaTeX Warning: Reference `classcamodocal_1_1OCAMCamera_1_1Parameters' on page 5
 undefined on input line 31.


LaTeX Warning: Reference `classcamodocal_1_1PinholeCamera_1_1Parameters' on pag
e 5 undefined on input line 32.


LaTeX Warning: Reference `classcamodocal_1_1Camera_1_1Parameters' on page 5 und
efined on input line 33.


LaTeX Warning: Reference `classcamodocal_1_1PinholeCamera' on page 5 undefined 
on input line 34.


LaTeX Warning: Reference `classPoseLocalParameterization' on page 5 undefined o
n input line 35.


LaTeX Warning: Reference `classProjectionFactor' on page 5 undefined on input l
ine 36.


LaTeX Warning: Reference `classProjectionTdFactor' on page 5 undefined on input
 line 37.


LaTeX Warning: Reference `classcamodocal_1_1ReprojectionError1' on page 5 undef
ined on input line 38.


LaTeX Warning: Reference `classcamodocal_1_1ReprojectionError2' on page 5 undef
ined on input line 39.

[5

]

LaTeX Warning: Reference `classcamodocal_1_1ReprojectionError3' on page 6 undef
ined on input line 40.


LaTeX Warning: Reference `structReprojectionError3D' on page 6 undefined on inp
ut line 41.


LaTeX Warning: Reference `structResidualBlockInfo' on page 6 undefined on input
 line 42.


LaTeX Warning: Reference `structSFMFeature' on page 6 undefined on input line 4
3.


LaTeX Warning: Reference `classSpline' on page 6 undefined on input line 44.


LaTeX Warning: Reference `classcamodocal_1_1StereoReprojectionError' on page 6 
undefined on input line 45.


LaTeX Warning: Reference `structThreadsStruct' on page 6 undefined on input lin
e 46.


LaTeX Warning: Reference `classTicToc' on page 6 undefined on input line 47.


LaTeX Warning: Reference `classcamodocal_1_1Transform' on page 6 undefined on i
nput line 48.


LaTeX Warning: Reference `structUtility_1_1uint__' on page 6 undefined on input
 line 49.


LaTeX Warning: Reference `classUtility' on page 6 undefined on input line 50.

) [6]
Chapter 4.
(./files.tex

LaTeX Warning: Reference `CameraCalibration_8h' on page 7 undefined on input li
ne 3.


LaTeX Warning: Reference `Camera_8h' on page 7 undefined on input line 4.


LaTeX Warning: Reference `CameraFactory_8h' on page 7 undefined on input line 5
.


LaTeX Warning: Reference `CataCamera_8h' on page 7 undefined on input line 6.


LaTeX Warning: Reference `CostFunctionFactory_8h' on page 7 undefined on input 
line 7.


LaTeX Warning: Reference `EquidistantCamera_8h' on page 7 undefined on input li
ne 8.


LaTeX Warning: Reference `PinholeCamera_8h' on page 7 undefined on input line 9
.


LaTeX Warning: Reference `ScaramuzzaCamera_8h' on page 7 undefined on input lin
e 10.


LaTeX Warning: Reference `Chessboard_8h' on page 7 undefined on input line 11.


LaTeX Warning: Reference `ChessboardCorner_8h' on page 7 undefined on input lin
e 12.


LaTeX Warning: Reference `ChessboardQuad_8h' on page 7 undefined on input line 
13.


LaTeX Warning: Reference `Spline_8h' on page 7 undefined on input line 14.


LaTeX Warning: Reference `EigenQuaternionParameterization_8h' on page 7 undefin
ed on input line 15.


LaTeX Warning: Reference `EigenUtils_8h' on page 7 undefined on input line 16.


LaTeX Warning: Reference `gpl_8h' on page 7 undefined on input line 17.


LaTeX Warning: Reference `Transform_8h' on page 7 undefined on input line 18.


LaTeX Warning: Reference `Camera_8cc' on page 7 undefined on input line 19.


LaTeX Warning: Reference `estimator_8h' on page 7 undefined on input line 20.


LaTeX Warning: Reference `feature__manager_8h' on page 7 undefined on input lin
e 21.


LaTeX Warning: Reference `parameters_8h' on page 7 undefined on input line 22.


LaTeX Warning: Reference `imu__factor_8h' on page 7 undefined on input line 23.



LaTeX Warning: Reference `integration__base_8h' on page 7 undefined on input li
ne 24.


LaTeX Warning: Reference `marginalization__factor_8h' on page 7 undefined on in
put line 25.


LaTeX Warning: Reference `pose__local__parameterization_8h' on page 7 undefined
 on input line 26.


LaTeX Warning: Reference `projection__factor_8h' on page 7 undefined on input l
ine 27.


LaTeX Warning: Reference `projection__td__factor_8h' on page 7 undefined on inp
ut line 28.


LaTeX Warning: Reference `initial__alignment_8h' on page 7 undefined on input l
ine 29.


LaTeX Warning: Reference `initial__ex__rotation_8h' on page 7 undefined on inpu
t line 30.


LaTeX Warning: Reference `initial__sfm_8h' on page 7 undefined on input line 31
.


LaTeX Warning: Reference `solve__5pts_8h' on page 7 undefined on input line 32.



LaTeX Warning: Reference `CameraPoseVisualization_8h' on page 7 undefined on in
put line 33.


LaTeX Warning: Reference `tic__toc_8h' on page 7 undefined on input line 34.


LaTeX Warning: Reference `utility_8h' on page 7 undefined on input line 35.


LaTeX Warning: Reference `visualization_8h' on page 7 undefined on input line 3
6.

) [7

] [8

]
Chapter 5.
(./classcamodocal_1_1Camera.tex
File: classcamodocal_1_1Camera__inherit__graph.pdf Graphic file (type pdf)
<use classcamodocal_1_1Camera__inherit__graph.pdf>
LaTeX Font Info:    Font shape `T1/phv/bx/n' in size <12> not available
(Font)              Font shape `T1/phv/b/n' tried instead on input line 22.
LaTeX Font Info:    Font shape `T1/phv/b/n' will be
(Font)              scaled to size 10.79993pt on input line 22.
LaTeX Font Info:    Font shape `T1/phv/bc/n' will be
(Font)              scaled to size 10.79993pt on input line 22.
LaTeX Font Info:    Font shape `T1/phv/m/n' will be
(Font)              scaled to size 8.09995pt on input line 26.
LaTeX Font Info:    Font shape `T1/phv/m/it' in size <9> not available
(Font)              Font shape `T1/phv/m/sl' tried instead on input line 26.
LaTeX Font Info:    Font shape `T1/phv/m/sl' will be
(Font)              scaled to size 8.09995pt on input line 26.
LaTeX Font Info:    Font shape `T1/phv/m/it' in size <7> not available
(Font)              Font shape `T1/phv/m/sl' tried instead on input line 42.
LaTeX Font Info:    Font shape `T1/phv/m/sl' will be
(Font)              scaled to size 6.29996pt on input line 42.
 [9] [10]
LaTeX Font Info:    Font shape `T1/phv/bc/n' will be
(Font)              scaled to size 8.99994pt on input line 116.
LaTeX Font Info:    Font shape `T1/phv/m/n' will be
(Font)              scaled to size 7.19995pt on input line 117.
LaTeX Font Info:    Font shape `T1/pcr/m/it' in size <8> not available
(Font)              Font shape `T1/pcr/m/sl' tried instead on input line 117.
LaTeX Font Info:    Font shape `T1/pcr/m/it' in size <7> not available
(Font)              Font shape `T1/pcr/m/sl' tried instead on input line 117.


Package longtable Warning: Column widths have changed
(longtable)                in table 5.1 on input line 133.


Underfull \hbox (badness 2726) in paragraph at lines 140--141
[]\T1/phv/m/n/10 Referenced by camodocal[]::[]Cata[]Camera[]::estimate[]Intrins
ics(), and camodocal[]::[]Equidistant[]Camera[]::estimate[]
 []

File: classcamodocal_1_1Camera_a2a6d99ee0927e0336b4d77a9773900a4_cgraph.pdf Gra
phic file (type pdf)
<use classcamodocal_1_1Camera_a2a6d99ee0927e0336b4d77a9773900a4_cgraph.pdf>
File: classcamodocal_1_1Camera_a2a6d99ee0927e0336b4d77a9773900a4_icgraph.pdf Gr
aphic file (type pdf)
<use classcamodocal_1_1Camera_a2a6d99ee0927e0336b4d77a9773900a4_icgraph.pdf>
[11]

Package longtable Warning: Column widths have changed
(longtable)                in table 5.2 on input line 178.

File: classcamodocal_1_1Camera_ab8dfa1aa8a60c5569920939ba7d85440_cgraph.pdf Gra
phic file (type pdf)
<use classcamodocal_1_1Camera_ab8dfa1aa8a60c5569920939ba7d85440_cgraph.pdf>
File: classcamodocal_1_1Camera_ab8dfa1aa8a60c5569920939ba7d85440_icgraph.pdf Gr
aphic file (type pdf)
<use classcamodocal_1_1Camera_ab8dfa1aa8a60c5569920939ba7d85440_icgraph.pdf>
[12]

Package longtable Warning: Column widths have changed
(longtable)                in table 5.3 on input line 221.


Underfull \hbox (badness 10000) detected at line 222
[][][]
 []

File: classcamodocal_1_1Camera_a544642f8170212af887350cff67d16b5_cgraph.pdf Gra
phic file (type pdf)
<use classcamodocal_1_1Camera_a544642f8170212af887350cff67d16b5_cgraph.pdf>
LaTeX Font Info:    Font shape `T1/phv/bc/n' will be
(Font)              scaled to size 7.19995pt on input line 240.

LaTeX Font Warning: Font shape `T1/pcr/bc/n' undefined
(Font)              using `T1/pcr/m/n' instead on input line 240.

[13]

Package longtable Warning: Column widths have changed
(longtable)                in table 5.4 on input line 259.


Underfull \hbox (badness 10000) detected at line 260
[][][]
 []


Underfull \hbox (badness 2726) in paragraph at lines 285--286
[]\T1/phv/m/n/10 Referenced by camodocal[]::[]Cata[]Camera[]::estimate[]Intrins
ics(), and camodocal[]::[]Equidistant[]Camera[]::estimate[]
 []

File: classcamodocal_1_1Camera_ab162451505d8b9dfda0b96383d597a16_cgraph.pdf Gra
phic file (type pdf)
<use classcamodocal_1_1Camera_ab162451505d8b9dfda0b96383d597a16_cgraph.pdf>
File: classcamodocal_1_1Camera_ab162451505d8b9dfda0b96383d597a16_icgraph.pdf Gr
aphic file (type pdf)
<use classcamodocal_1_1Camera_ab162451505d8b9dfda0b96383d597a16_icgraph.pdf>
[14]

Package longtable Warning: Column widths have changed
(longtable)                in table 5.5 on input line 323.


Underfull \hbox (badness 10000) detected at line 324
[][][]
 []

File: classcamodocal_1_1Camera_ab261e28c2d056b3149275c01407416a3_cgraph.pdf Gra
phic file (type pdf)
<use classcamodocal_1_1Camera_ab261e28c2d056b3149275c01407416a3_cgraph.pdf>
[15]) (./classcamodocal_1_1CameraCalibration.tex
Underfull \hbox (badness 783) in paragraph at lines 6--9
[][] \T1/phv/b/n/10 Camera[]Calibration \T1/phv/m/n/10 ([][]Camera[]::[]Model[]
Type[][] model[]Type, const std[]::string &camera[]Name, const cv[]::[]Size
 []

) (./classcamodocal_1_1CameraFactory.tex [16]

Package longtable Warning: Column widths have changed
(longtable)                in table 5.6 on input line 36.


Underfull \hbox (badness 10000) detected at line 37
[][][]
 []


Underfull \hbox (badness 2680) in paragraph at lines 42--43
[]\T1/phv/m/n/10 References camodocal[]::[]Camera[]::[]Parameters[]::camera[]Na
me(), camodocal[]::[]Camera[]::[]Parameters[]::image[]Height(),
 []

File: classcamodocal_1_1CameraFactory_a853fe9e847faae5caa3981f87a9ab7c8_cgraph.
pdf Graphic file (type pdf)
<use classcamodocal_1_1CameraFactory_a853fe9e847faae5caa3981f87a9ab7c8_cgraph.p
df>
[17]

Package longtable Warning: Column widths have changed
(longtable)                in table 5.7 on input line 66.


Underfull \hbox (badness 10000) detected at line 67
[][][]
 []


Underfull \hbox (badness 10000) in paragraph at lines 72--73
[]\T1/phv/m/n/10 References camodocal[]::[]Pinhole[]Camera[]::[]Parameters[]::r
ead[]From[]Yaml[]File(), camodocal[]::[]Equidistant[]Camera[]::[]
 []

File: classcamodocal_1_1CameraFactory_a8362492960d68a4ae43c40a1952df3a5_cgraph.
pdf Graphic file (type pdf)
<use classcamodocal_1_1CameraFactory_a8362492960d68a4ae43c40a1952df3a5_cgraph.p
df>

Underfull \hbox (badness 10000) detected at line 92
[][][]
 []

) (./classCameraPoseVisualization.tex [18]) (./classcamodocal_1_1CataCamera.tex
File: classcamodocal_1_1CataCamera__inherit__graph.pdf Graphic file (type pdf)
<use classcamodocal_1_1CataCamera__inherit__graph.pdf>
File: classcamodocal_1_1CataCamera__coll__graph.pdf Graphic file (type pdf)
<use classcamodocal_1_1CataCamera__coll__graph.pdf>
[19] [20]

Package longtable Warning: Column widths have changed
(longtable)                in table 5.8 on input line 125.

[21]
Underfull \hbox (badness 10000) detected at line 126
[][][]
 []

File: classcamodocal_1_1CataCamera_ade73e1a665f97d5a95d09f0fff19a3f7_icgraph.pd
f Graphic file (type pdf)
<use classcamodocal_1_1CataCamera_ade73e1a665f97d5a95d09f0fff19a3f7_icgraph.pdf
>

Package longtable Warning: Column widths have changed
(longtable)                in table 5.9 on input line 155.


Underfull \hbox (badness 10000) detected at line 156
[][][]
 []

File: classcamodocal_1_1CataCamera_af9f94a9e9109ad71fcabb0f7bc77a18f_cgraph.pdf
 Graphic file (type pdf)
<use classcamodocal_1_1CataCamera_af9f94a9e9109ad71fcabb0f7bc77a18f_cgraph.pdf>


Underfull \vbox (badness 2644) has occurred while \output is active []

 [22]

Package longtable Warning: Column widths have changed
(longtable)                in table 5.10 on input line 187.

File: classcamodocal_1_1CataCamera_a8415dca7d06b730a0b7358745aaa4001_cgraph.pdf
 Graphic file (type pdf)
<use classcamodocal_1_1CataCamera_a8415dca7d06b730a0b7358745aaa4001_cgraph.pdf>

[23]

Package longtable Warning: Column widths have changed
(longtable)                in table 5.11 on input line 220.

File: classcamodocal_1_1CataCamera_ad408a25dbeabac661788d16357b44504_cgraph.pdf
 Graphic file (type pdf)
<use classcamodocal_1_1CataCamera_ad408a25dbeabac661788d16357b44504_cgraph.pdf>


Package longtable Warning: Column widths have changed
(longtable)                in table 5.12 on input line 253.

File: classcamodocal_1_1CataCamera_ab705d867d93d87c85d755bb7b1022a2c_cgraph.pdf
 Graphic file (type pdf)
<use classcamodocal_1_1CataCamera_ab705d867d93d87c85d755bb7b1022a2c_cgraph.pdf>

[24]
File: classcamodocal_1_1CataCamera_ab705d867d93d87c85d755bb7b1022a2c_icgraph.pd
f Graphic file (type pdf)
<use classcamodocal_1_1CataCamera_ab705d867d93d87c85d755bb7b1022a2c_icgraph.pdf
>


Package longtable Warning: Column widths have changed
(longtable)                in table 5.13 on input line 296.


Underfull \hbox (badness 10000) detected at line 297
[][][]
 []

File: classcamodocal_1_1CataCamera_a9184557401622acaf2a00fd9b1295d13_cgraph.pdf
 Graphic file (type pdf)
<use classcamodocal_1_1CataCamera_a9184557401622acaf2a00fd9b1295d13_cgraph.pdf>

[25]) (./classcamodocal_1_1Chessboard.tex)
(./classcamodocal_1_1ChessboardCorner.tex)
(./classcamodocal_1_1ChessboardQuad.tex [26])
(./classcamodocal_1_1ComprehensionError.tex

Package hyperref Warning: Token not allowed in a PDF string (Unicode):
(hyperref)                removing `math shift' on input line 1.


Package hyperref Warning: Token not allowed in a PDF string (Unicode):
(hyperref)                removing `math shift' on input line 1.


Package hyperref Warning: Token not allowed in a PDF string (Unicode):
(hyperref)                removing `math shift' on input line 1.


Package hyperref Warning: Token not allowed in a PDF string (Unicode):
(hyperref)                removing `math shift' on input line 1.

) (./classcamodocal_1_1CostFunctionFactory.tex [27])
(./classcamodocal_1_1EigenQuaternionParameterization.tex
File: classcamodocal_1_1EigenQuaternionParameterization__inherit__graph.pdf Gra
phic file (type pdf)
<use classcamodocal_1_1EigenQuaternionParameterization__inherit__graph.pdf>
File: classcamodocal_1_1EigenQuaternionParameterization__coll__graph.pdf Graphi
c file (type pdf)
<use classcamodocal_1_1EigenQuaternionParameterization__coll__graph.pdf>
)
(./classcamodocal_1_1EquidistantCamera.tex [28]
File: classcamodocal_1_1EquidistantCamera__inherit__graph.pdf Graphic file (typ
e pdf)
<use classcamodocal_1_1EquidistantCamera__inherit__graph.pdf>
File: classcamodocal_1_1EquidistantCamera__coll__graph.pdf Graphic file (type p
df)
<use classcamodocal_1_1EquidistantCamera__coll__graph.pdf>
 [29] [30]

Package longtable Warning: Column widths have changed
(longtable)                in table 5.14 on input line 122.

File: classcamodocal_1_1EquidistantCamera_accd38ebf90227cc221d91dad7dd57dbb_icg
raph.pdf Graphic file (type pdf)
<use classcamodocal_1_1EquidistantCamera_accd38ebf90227cc221d91dad7dd57dbb_icgr
aph.pdf>

Package longtable Warning: Column widths have changed
(longtable)                in table 5.15 on input line 155.

File: classcamodocal_1_1EquidistantCamera_ac86c8527e09b6df4eea4fd3c1322ba00_cgr
aph.pdf Graphic file (type pdf)
<use classcamodocal_1_1EquidistantCamera_ac86c8527e09b6df4eea4fd3c1322ba00_cgra
ph.pdf>

Underfull \vbox (badness 1655) has occurred while \output is active []

 [31]

Package longtable Warning: Column widths have changed
(longtable)                in table 5.16 on input line 188.

File: classcamodocal_1_1EquidistantCamera_a04de4daf1568c2425eabdbade499f927_icg
raph.pdf Graphic file (type pdf)
<use classcamodocal_1_1EquidistantCamera_a04de4daf1568c2425eabdbade499f927_icgr
aph.pdf>
[32]

Package longtable Warning: Column widths have changed
(longtable)                in table 5.17 on input line 221.


Package longtable Warning: Column widths have changed
(longtable)                in table 5.18 on input line 236.


Underfull \hbox (badness 10000) detected at line 237
[][][]
 []

File: classcamodocal_1_1EquidistantCamera_ac0aae0a472fac59ad5fc22079eb5560d_cgr
aph.pdf Graphic file (type pdf)
<use classcamodocal_1_1EquidistantCamera_ac0aae0a472fac59ad5fc22079eb5560d_cgra
ph.pdf>
) (./classEstimator.tex
File: classEstimator__coll__graph.pdf Graphic file (type pdf)
<use classEstimator__coll__graph.pdf>
 [33] [34] [35]) (./classFeatureManager.tex)
(./classFeaturePerFrame.tex [36]) (./classFeaturePerId.tex)
(./classFileSystemHelper.tex) (./classGlobalSFM.tex [37])
(./classImageFrame.tex
File: classImageFrame__coll__graph.pdf Graphic file (type pdf)
<use classImageFrame__coll__graph.pdf>
) (./classIMUFactor.tex
File: classIMUFactor__inherit__graph.pdf Graphic file (type pdf)
<use classIMUFactor__inherit__graph.pdf>
 [38]
File: classIMUFactor__coll__graph.pdf Graphic file (type pdf)
<use classIMUFactor__coll__graph.pdf>
 [39])
(./classInitialEXRotation.tex) (./classIntegrationBase.tex [40])
(./classMarginalizationFactor.tex
File: classMarginalizationFactor__inherit__graph.pdf Graphic file (type pdf)
<use classMarginalizationFactor__inherit__graph.pdf>
File: classMarginalizationFactor__coll__graph.pdf Graphic file (type pdf)
<use classMarginalizationFactor__coll__graph.pdf>
 [41]) (./classMarginalizationInfo.tex
[42]) (./classMotionEstimator.tex) (./classcamodocal_1_1OCAMCamera.tex
File: classcamodocal_1_1OCAMCamera__inherit__graph.pdf Graphic file (type pdf)
<use classcamodocal_1_1OCAMCamera__inherit__graph.pdf>
File: classcamodocal_1_1OCAMCamera__coll__graph.pdf Graphic file (type pdf)
<use classcamodocal_1_1OCAMCamera__coll__graph.pdf>
 [43]
[44]
Overfull \hbox (48.73224pt too wide) in paragraph at lines 107--108
\T1/phv/m/n/10 Scaramuzza [][]Cam-era[][] (Om-ni-di-rec-tional) [][]\T1/pcr/m/n
/10 https[]://sites.[]google.[]com/site/scarabotix/ocamcalib-toolbox[][] 
 []


Package longtable Warning: Column widths have changed
(longtable)                in table 5.19 on input line 126.

[45]
File: classcamodocal_1_1OCAMCamera_afb73e19397c8be1fb498004d0e926a53_icgraph.pd
f Graphic file (type pdf)
<use classcamodocal_1_1OCAMCamera_afb73e19397c8be1fb498004d0e926a53_icgraph.pdf
>


Package longtable Warning: Column widths have changed
(longtable)                in table 5.20 on input line 159.

File: classcamodocal_1_1OCAMCamera_a48112e1787548fc61c7545fc83ea2c81_cgraph.pdf
 Graphic file (type pdf)
<use classcamodocal_1_1OCAMCamera_a48112e1787548fc61c7545fc83ea2c81_cgraph.pdf>

[46]

Package longtable Warning: Column widths have changed
(longtable)                in table 5.21 on input line 192.

File: classcamodocal_1_1OCAMCamera_a06125c8a4cdf39e0a9353b291802b0ed_icgraph.pd
f Graphic file (type pdf)
<use classcamodocal_1_1OCAMCamera_a06125c8a4cdf39e0a9353b291802b0ed_icgraph.pdf
>

Package longtable Warning: Column widths have changed
(longtable)                in table 5.22 on input line 223.


Underfull \hbox (badness 10000) detected at line 224
[][][]
 []

File: classcamodocal_1_1OCAMCamera_a804d705efdb76aa606f8cf4feddb2d7a_cgraph.pdf
 Graphic file (type pdf)
<use classcamodocal_1_1OCAMCamera_a804d705efdb76aa606f8cf4feddb2d7a_cgraph.pdf>


Underfull \vbox (badness 1253) has occurred while \output is active []

 [47])
(./classcamodocal_1_1CataCamera_1_1Parameters.tex
File: classcamodocal_1_1CataCamera_1_1Parameters__inherit__graph.pdf Graphic fi
le (type pdf)
<use classcamodocal_1_1CataCamera_1_1Parameters__inherit__graph.pdf>
File: classcamodocal_1_1CataCamera_1_1Parameters__coll__graph.pdf Graphic file 
(type pdf)
<use classcamodocal_1_1CataCamera_1_1Parameters__coll__graph.pdf>

Underfull \vbox (badness 1009) has occurred while \output is active []

 [48]
LaTeX Font Info:    Font shape `TS1/phv/m/it' in size <9> not available
(Font)              Font shape `TS1/phv/m/sl' tried instead on input line 84.
LaTeX Font Info:    Font shape `TS1/phv/m/sl' will be
(Font)              scaled to size 8.09995pt on input line 84.

[49]

Package longtable Warning: Column widths have changed
(longtable)                in table 5.23 on input line 114.

File: classcamodocal_1_1CataCamera_1_1Parameters_a756399dd928f1a0a9b0eb79223619
39f_icgraph.pdf Graphic file (type pdf)
<use classcamodocal_1_1CataCamera_1_1Parameters_a756399dd928f1a0a9b0eb792236193
9f_icgraph.pdf>

Package longtable Warning: Column widths have changed
(longtable)                in table 5.24 on input line 145.


Underfull \hbox (badness 10000) in paragraph at lines 152--153
[]\T1/phv/m/n/10 References camodocal[]::[]Camera[]::[]Parameters[]::m[]_[]came
ra[]Name, camodocal[]::[]Camera[]::[]Parameters[]::m[]_[]image[]
 []

[50]
File: classcamodocal_1_1CataCamera_1_1Parameters_a9bd3a31bc31a3f4e1becfbd2bbb43
331_icgraph.pdf Graphic file (type pdf)
<use classcamodocal_1_1CataCamera_1_1Parameters_a9bd3a31bc31a3f4e1becfbd2bbb433
31_icgraph.pdf>
) (./classcamodocal_1_1EquidistantCamera_1_1Parameters.tex
File: classcamodocal_1_1EquidistantCamera_1_1Parameters__inherit__graph.pdf Gra
phic file (type pdf)
<use classcamodocal_1_1EquidistantCamera_1_1Parameters__inherit__graph.pdf>
File: classcamodocal_1_1EquidistantCamera_1_1Parameters__coll__graph.pdf Graphi
c file (type pdf)
<use classcamodocal_1_1EquidistantCamera_1_1Parameters__coll__graph.pdf>
 [51]

Package longtable Warning: Column widths have changed
(longtable)                in table 5.25 on input line 108.


Underfull \vbox (badness 10000) has occurred while \output is active []

 [52]
File: classcamodocal_1_1EquidistantCamera_1_1Parameters_a66d75d7cc90bd65120ca10
914b38b935_icgraph.pdf Graphic file (type pdf)
<use classcamodocal_1_1EquidistantCamera_1_1Parameters_a66d75d7cc90bd65120ca109
14b38b935_icgraph.pdf>


Package longtable Warning: Column widths have changed
(longtable)                in table 5.26 on input line 139.


Underfull \hbox (badness 10000) in paragraph at lines 146--147
[]\T1/phv/m/n/10 References camodocal[]::[]Camera[]::[]Parameters[]::m[]_[]came
ra[]Name, camodocal[]::[]Camera[]::[]Parameters[]::m[]_[]image[]
 []

File: classcamodocal_1_1EquidistantCamera_1_1Parameters_afb2ad6884187c2b5e9f70f
3e54e30321_icgraph.pdf Graphic file (type pdf)
<use classcamodocal_1_1EquidistantCamera_1_1Parameters_afb2ad6884187c2b5e9f70f3
e54e30321_icgraph.pdf>
) (./classcamodocal_1_1OCAMCamera_1_1Parameters.tex
File: classcamodocal_1_1OCAMCamera_1_1Parameters__inherit__graph.pdf Graphic fi
le (type pdf)
<use classcamodocal_1_1OCAMCamera_1_1Parameters__inherit__graph.pdf>
 [53]
File: classcamodocal_1_1OCAMCamera_1_1Parameters__coll__graph.pdf Graphic file 
(type pdf)
<use classcamodocal_1_1OCAMCamera_1_1Parameters__coll__graph.pdf>
 [54]

Package longtable Warning: Column widths have changed
(longtable)                in table 5.27 on input line 99.

File: classcamodocal_1_1OCAMCamera_1_1Parameters_a4cf20a66d7f4e9daf84fec3a83a6c
458_icgraph.pdf Graphic file (type pdf)
<use classcamodocal_1_1OCAMCamera_1_1Parameters_a4cf20a66d7f4e9daf84fec3a83a6c4
58_icgraph.pdf>
[55]

Package longtable Warning: Column widths have changed
(longtable)                in table 5.28 on input line 130.


Underfull \hbox (badness 10000) in paragraph at lines 137--138
[]\T1/phv/m/n/10 References camodocal[]::[]Camera[]::[]Parameters[]::m[]_[]came
ra[]Name, camodocal[]::[]Camera[]::[]Parameters[]::m[]_[]image[]
 []

File: classcamodocal_1_1OCAMCamera_1_1Parameters_a3244c89711d0195540042c3700992
827_icgraph.pdf Graphic file (type pdf)
<use classcamodocal_1_1OCAMCamera_1_1Parameters_a3244c89711d0195540042c37009928
27_icgraph.pdf>
) (./classcamodocal_1_1PinholeCamera_1_1Parameters.tex
File: classcamodocal_1_1PinholeCamera_1_1Parameters__inherit__graph.pdf Graphic
 file (type pdf)
<use classcamodocal_1_1PinholeCamera_1_1Parameters__inherit__graph.pdf>
File: classcamodocal_1_1PinholeCamera_1_1Parameters__coll__graph.pdf Graphic fi
le (type pdf)
<use classcamodocal_1_1PinholeCamera_1_1Parameters__coll__graph.pdf>
 [56] [57]

Package longtable Warning: Column widths have changed
(longtable)                in table 5.29 on input line 112.


Underfull \hbox (badness 10000) detected at line 113
[][][]
 []


Underfull \hbox (badness 10000) in paragraph at lines 118--119
[]\T1/phv/m/n/10 References camodocal[]::[]Camera[]::[]Parameters[]::m[]_[]came
ra[]Name, camodocal[]::[]Camera[]::[]Parameters[]::m[]_[]image[]
 []


Package longtable Warning: Column widths have changed
(longtable)                in table 5.30 on input line 134.


Underfull \hbox (badness 10000) in paragraph at lines 141--142
[]\T1/phv/m/n/10 References camodocal[]::[]Camera[]::[]Parameters[]::m[]_[]came
ra[]Name, camodocal[]::[]Camera[]::[]Parameters[]::m[]_[]image[]
 []

File: classcamodocal_1_1PinholeCamera_1_1Parameters_a89d5834203e80ca6c09f60c476
27c9a7_icgraph.pdf Graphic file (type pdf)
<use classcamodocal_1_1PinholeCamera_1_1Parameters_a89d5834203e80ca6c09f60c4762
7c9a7_icgraph.pdf>
[58]

Package longtable Warning: Column widths have changed
(longtable)                in table 5.31 on input line 169.


Underfull \hbox (badness 10000) in paragraph at lines 176--177
[]\T1/phv/m/n/10 References camodocal[]::[]Camera[]::[]Parameters[]::m[]_[]came
ra[]Name, camodocal[]::[]Camera[]::[]Parameters[]::m[]_[]image[]
 []

File: classcamodocal_1_1PinholeCamera_1_1Parameters_ace74203c61ef30b57a2ba21184
070bb5_icgraph.pdf Graphic file (type pdf)
<use classcamodocal_1_1PinholeCamera_1_1Parameters_ace74203c61ef30b57a2ba211840
70bb5_icgraph.pdf>
[59]

Package longtable Warning: Column widths have changed
(longtable)                in table 5.32 on input line 209.


Underfull \hbox (badness 10000) detected at line 210
[][][]
 []

) (./classcamodocal_1_1Camera_1_1Parameters.tex
File: classcamodocal_1_1Camera_1_1Parameters__inherit__graph.pdf Graphic file (
type pdf)
<use classcamodocal_1_1Camera_1_1Parameters__inherit__graph.pdf>
 [60] [61]

Package longtable Warning: Column widths have changed
(longtable)                in table 5.33 on input line 88.


Package longtable Warning: Column widths have changed
(longtable)                in table 5.34 on input line 113.


Underfull \hbox (badness 10000) detected at line 131
[][][]
 []


Package longtable Warning: Column widths have changed
(longtable)                in table 5.35 on input line 138.


Underfull \hbox (badness 10000) in paragraph at lines 145--146
\T1/phv/m/n/10 ::estimate[]Intrinsics(), camodocal[]::[]Cata[]Camera[]::estimat
e[]Intrinsics(), camodocal[]::[]Camera[]Factory[]::generate[]
 []

[62]
File: classcamodocal_1_1Camera_1_1Parameters_ad5d799e6367c5605907a941b2271e271_
icgraph.pdf Graphic file (type pdf)
<use classcamodocal_1_1Camera_1_1Parameters_ad5d799e6367c5605907a941b2271e271_i
cgraph.pdf>

Underfull \hbox (badness 10000) detected at line 165
[][][]
 []

[63]

Package longtable Warning: Column widths have changed
(longtable)                in table 5.36 on input line 172.


Underfull \hbox (badness 10000) detected at line 187
[][][]
 []


Package longtable Warning: Column widths have changed
(longtable)                in table 5.37 on input line 194.


Underfull \hbox (badness 3281) in paragraph at lines 201--202
[]\T1/phv/m/n/10 Referenced by camodocal[]::[]Pinhole[]Camera[]::distortion(), 
camodocal[]::[]Cata[]Camera[]::distortion(), camodocal[]::[]
 []

File: classcamodocal_1_1Camera_1_1Parameters_a2dcff4a5472ebc79d5d72762681220a3_
icgraph.pdf Graphic file (type pdf)
<use classcamodocal_1_1Camera_1_1Parameters_a2dcff4a5472ebc79d5d72762681220a3_i
cgraph.pdf>

Underfull \vbox (badness 10000) has occurred while \output is active []

 [64]
[65]
Underfull \hbox (badness 10000) detected at line 221
[][][]
 []


Package longtable Warning: Column widths have changed
(longtable)                in table 5.38 on input line 228.


Underfull \hbox (badness 10000) detected at line 243
[][][]
 []


Package longtable Warning: Column widths have changed
(longtable)                in table 5.39 on input line 250.


Underfull \hbox (badness 3281) in paragraph at lines 257--258
[]\T1/phv/m/n/10 Referenced by camodocal[]::[]Pinhole[]Camera[]::distortion(), 
camodocal[]::[]Cata[]Camera[]::distortion(), camodocal[]::[]
 []

File: classcamodocal_1_1Camera_1_1Parameters_a92c11d296cb64c91a0c15528a8a7b813_
icgraph.pdf Graphic file (type pdf)
<use classcamodocal_1_1Camera_1_1Parameters_a92c11d296cb64c91a0c15528a8a7b813_i
cgraph.pdf>

Underfull \vbox (badness 10000) has occurred while \output is active []

 [66]
[67]
Underfull \hbox (badness 10000) detected at line 277
[][][]
 []


Package longtable Warning: Column widths have changed
(longtable)                in table 5.40 on input line 284.


Underfull \hbox (badness 10000) detected at line 299
[][][]
 []


Package longtable Warning: Column widths have changed
(longtable)                in table 5.41 on input line 306.

File: classcamodocal_1_1Camera_1_1Parameters_aab8170228d7e26e10b231c5960d5ddf7_
icgraph.pdf Graphic file (type pdf)
<use classcamodocal_1_1Camera_1_1Parameters_aab8170228d7e26e10b231c5960d5ddf7_i
cgraph.pdf>
[68]
Underfull \hbox (badness 10000) detected at line 329
[][][]
 []


Package longtable Warning: Column widths have changed
(longtable)                in table 5.42 on input line 336.


Underfull \hbox (badness 10000) detected at line 347
[][][]
 []


Package longtable Warning: Column widths have changed
(longtable)                in table 5.43 on input line 354.


Package longtable Warning: Column widths have changed
(longtable)                in table 5.44 on input line 373.


Underfull \hbox (badness 1043) in paragraph at lines 376--377
[]\T1/phv/m/n/10 Implemented in [][]camodocal[]::[]Cata[]Camera[]::[]Parameters
[][], [][]camodocal[]::[]O[]C[]A[]M[]Camera[]::[]Parameters[][], [][]camodocal[
]::[]
 []


Underfull \vbox (badness 10000) has occurred while \output is active []

 [69]

Package longtable Warning: Column widths have changed
(longtable)                in table 5.45 on input line 392.


Underfull \hbox (badness 1043) in paragraph at lines 395--396
[]\T1/phv/m/n/10 Implemented in [][]camodocal[]::[]Cata[]Camera[]::[]Parameters
[][], [][]camodocal[]::[]O[]C[]A[]M[]Camera[]::[]Parameters[][], [][]camodocal[
]::[]
 []

) (./classcamodocal_1_1PinholeCamera.tex
File: classcamodocal_1_1PinholeCamera__inherit__graph.pdf Graphic file (type pd
f)
<use classcamodocal_1_1PinholeCamera__inherit__graph.pdf>
File: classcamodocal_1_1PinholeCamera__coll__graph.pdf Graphic file (type pdf)
<use classcamodocal_1_1PinholeCamera__coll__graph.pdf>
 [70] [71] [72]

Package longtable Warning: Column widths have changed
(longtable)                in table 5.46 on input line 141.


Package longtable Warning: Column widths have changed
(longtable)                in table 5.47 on input line 158.


Package longtable Warning: Column widths have changed
(longtable)                in table 5.48 on input line 176.

[73]
Underfull \hbox (badness 10000) detected at line 177
[][][]
 []

File: classcamodocal_1_1PinholeCamera_a0e667305df17c681a6550cd0addfcaab_icgraph
.pdf Graphic file (type pdf)
<use classcamodocal_1_1PinholeCamera_a0e667305df17c681a6550cd0addfcaab_icgraph.
pdf>

Package longtable Warning: Column widths have changed
(longtable)                in table 5.49 on input line 206.


Underfull \hbox (badness 10000) detected at line 207
[][][]
 []

File: classcamodocal_1_1PinholeCamera_a36fbf4d157d3dafd87dc52c8f664bcbc_cgraph.
pdf Graphic file (type pdf)
<use classcamodocal_1_1PinholeCamera_a36fbf4d157d3dafd87dc52c8f664bcbc_cgraph.p
df>

Underfull \vbox (badness 7344) has occurred while \output is active []

 [74]

Package longtable Warning: Column widths have changed
(longtable)                in table 5.50 on input line 238.

File: classcamodocal_1_1PinholeCamera_a8a557882a34c5269f6254df6e1d9bb4f_cgraph.
pdf Graphic file (type pdf)
<use classcamodocal_1_1PinholeCamera_a8a557882a34c5269f6254df6e1d9bb4f_cgraph.p
df>
File: classcamodocal_1_1PinholeCamera_a8a557882a34c5269f6254df6e1d9bb4f_icgraph
.pdf Graphic file (type pdf)
<use classcamodocal_1_1PinholeCamera_a8a557882a34c5269f6254df6e1d9bb4f_icgraph.
pdf>
[75]

Package longtable Warning: Column widths have changed
(longtable)                in table 5.51 on input line 283.

File: classcamodocal_1_1PinholeCamera_a0a4191ba420ee40355d8eb0f5cf587a7_cgraph.
pdf Graphic file (type pdf)
<use classcamodocal_1_1PinholeCamera_a0a4191ba420ee40355d8eb0f5cf587a7_cgraph.p
df>
[76]

Package longtable Warning: Column widths have changed
(longtable)                in table 5.52 on input line 316.

File: classcamodocal_1_1PinholeCamera_a27e7b78d07e19f11d1ca0d3dc2c48b73_cgraph.
pdf Graphic file (type pdf)
<use classcamodocal_1_1PinholeCamera_a27e7b78d07e19f11d1ca0d3dc2c48b73_cgraph.p
df>
File: classcamodocal_1_1PinholeCamera_a27e7b78d07e19f11d1ca0d3dc2c48b73_icgraph
.pdf Graphic file (type pdf)
<use classcamodocal_1_1PinholeCamera_a27e7b78d07e19f11d1ca0d3dc2c48b73_icgraph.
pdf>

Package longtable Warning: Column widths have changed
(longtable)                in table 5.53 on input line 359.

[77]
Underfull \hbox (badness 10000) detected at line 360
[][][]
 []

File: classcamodocal_1_1PinholeCamera_a70cc5acd48df30c2f7a2f84b35369a39_cgraph.
pdf Graphic file (type pdf)
<use classcamodocal_1_1PinholeCamera_a70cc5acd48df30c2f7a2f84b35369a39_cgraph.p
df>
) (./classPoseLocalParameterization.tex
File: classPoseLocalParameterization__inherit__graph.pdf Graphic file (type pdf
)
<use classPoseLocalParameterization__inherit__graph.pdf>
File: classPoseLocalParameterization__coll__graph.pdf Graphic file (type pdf)
<use classPoseLocalParameterization__coll__graph.pdf>
 [78]) (./classProjectionFactor.tex
File: classProjectionFactor__inherit__graph.pdf Graphic file (type pdf)
<use classProjectionFactor__inherit__graph.pdf>
File: classProjectionFactor__coll__graph.pdf Graphic file (type pdf)
<use classProjectionFactor__coll__graph.pdf>

Underfull \vbox (badness 2884) has occurred while \output is active []

 [79])
(./classProjectionTdFactor.tex
File: classProjectionTdFactor__inherit__graph.pdf Graphic file (type pdf)
<use classProjectionTdFactor__inherit__graph.pdf>
 [80]
File: classProjectionTdFactor__coll__graph.pdf Graphic file (type pdf)
<use classProjectionTdFactor__coll__graph.pdf>
 [81])
(./classcamodocal_1_1ReprojectionError1.tex

Package hyperref Warning: Token not allowed in a PDF string (Unicode):
(hyperref)                removing `math shift' on input line 1.


Package hyperref Warning: Token not allowed in a PDF string (Unicode):
(hyperref)                removing `math shift' on input line 1.


Package hyperref Warning: Token not allowed in a PDF string (Unicode):
(hyperref)                removing `math shift' on input line 1.


Package hyperref Warning: Token not allowed in a PDF string (Unicode):
(hyperref)                removing `math shift' on input line 1.


Underfull \hbox (badness 756) in paragraph at lines 9--12
[][] \T1/phv/b/n/10 Reprojection[]Error1 \T1/phv/m/n/10 (const Eigen[]::[]Vecto
r3d &observed[]_[]P, const Eigen[]::[]Vector2d &observed[]_[]p, const
 []

) (./classcamodocal_1_1ReprojectionError2.tex

Package hyperref Warning: Token not allowed in a PDF string (Unicode):
(hyperref)                removing `math shift' on input line 1.


Package hyperref Warning: Token not allowed in a PDF string (Unicode):
(hyperref)                removing `math shift' on input line 1.


Package hyperref Warning: Token not allowed in a PDF string (Unicode):
(hyperref)                removing `math shift' on input line 1.


Package hyperref Warning: Token not allowed in a PDF string (Unicode):
(hyperref)                removing `math shift' on input line 1.


Underfull \hbox (badness 10000) in paragraph at lines 6--9
[][] \T1/phv/m/n/10 E[]I[]G[]E[]N[]_[][]M[]A[]K[]E[]_[][]A[]L[]I[]G[]N[]E[]D[]_
[][]O[]P[]E[]R[]A[]T[]O[]R[]_[][]N[]EW \T1/phv/b/n/10 Reprojection[]Error2 \T1/
phv/m/n/10 (const std[]::vector$\OML/cmm/m/it/10 <$ \T1/phv/m/n/10 dou-ble $\OM
L/cmm/m/it/10 >$
 []

) (./classcamodocal_1_1ReprojectionError3.tex

Package hyperref Warning: Token not allowed in a PDF string (Unicode):
(hyperref)                removing `math shift' on input line 1.


Package hyperref Warning: Token not allowed in a PDF string (Unicode):
(hyperref)                removing `math shift' on input line 1.


Package hyperref Warning: Token not allowed in a PDF string (Unicode):
(hyperref)                removing `math shift' on input line 1.


Package hyperref Warning: Token not allowed in a PDF string (Unicode):
(hyperref)                removing `math shift' on input line 1.

[82]) (./structReprojectionError3D.tex) (./structResidualBlockInfo.tex
Underfull \hbox (badness 1158) in paragraph at lines 6--9
[][] \T1/phv/b/n/10 Residual[]Block[]Info \T1/phv/m/n/10 (ceres[]::[]Cost[]Func
tion $\OMS/cmsy/m/n/10 ^^C$[]\T1/phv/m/n/10 _[]cost[]_[]function, ceres[]::[]Lo
ss[]Function $\OMS/cmsy/m/n/10 ^^C$[]\T1/phv/m/n/10 _[]loss[]_[]function, std[]

 []

[83]) (./structSFMFeature.tex) (./classSpline.tex
File: classSpline__inherit__graph.pdf Graphic file (type pdf)
<use classSpline__inherit__graph.pdf>
File: classSpline__coll__graph.pdf Graphic file (type pdf)
<use classSpline__coll__graph.pdf>
 [84] [85])
(./classcamodocal_1_1StereoReprojectionError.tex

Package hyperref Warning: Token not allowed in a PDF string (Unicode):
(hyperref)                removing `math shift' on input line 1.


Package hyperref Warning: Token not allowed in a PDF string (Unicode):
(hyperref)                removing `math shift' on input line 1.


Package hyperref Warning: Token not allowed in a PDF string (Unicode):
(hyperref)                removing `math shift' on input line 1.


Package hyperref Warning: Token not allowed in a PDF string (Unicode):
(hyperref)                removing `math shift' on input line 1.

) (./structThreadsStruct.tex) (./classTicToc.tex)
(./classcamodocal_1_1Transform.tex [86]) (./structUtility_1_1uint__.tex

Package hyperref Warning: Token not allowed in a PDF string (Unicode):
(hyperref)                removing `math shift' on input line 1.


Package hyperref Warning: Token not allowed in a PDF string (Unicode):
(hyperref)                removing `math shift' on input line 1.


Package hyperref Warning: Token not allowed in a PDF string (Unicode):
(hyperref)                removing `math shift' on input line 1.


Package hyperref Warning: Token not allowed in a PDF string (Unicode):
(hyperref)                removing `math shift' on input line 1.

) (./classUtility.tex [87]) [88]
Chapter 6.
(./Camera_8h.tex
File: Camera_8h__incl.pdf Graphic file (type pdf)
<use Camera_8h__incl.pdf>
File: Camera_8h__dep__incl.pdf Graphic file (type pdf)
<use Camera_8h__dep__incl.pdf>
 [89

]
Underfull \hbox (badness 10000) detected at line 42
[][][]
 []


Underfull \hbox (badness 10000) detected at line 45
[][][]
 []


Underfull \hbox (badness 10000) detected at line 48
[][][]
 []


Underfull \hbox (badness 10000) detected at line 51
[][][]
 []

) (./Camera_8cc.tex
File: Camera_8cc__incl.pdf Graphic file (type pdf)
<use Camera_8cc__incl.pdf>

Underfull \hbox (badness 10000) detected at line 24
[][][]
 []

[90]
Underfull \hbox (badness 10000) detected at line 27
[][][]
 []


Underfull \hbox (badness 10000) detected at line 30
[][][]
 []


Underfull \hbox (badness 10000) detected at line 33
[][][]
 []

) [91] [92

]
No file refman.ind.

Package longtable Warning: Table widths have changed. Rerun LaTeX.

Package atveryend Info: Empty hook `BeforeClearDocument' on input line 213.
Package atveryend Info: Empty hook `AfterLastShipout' on input line 213.
(./refman.aux)
Package atveryend Info: Empty hook `AtVeryEndDocument' on input line 213.
Package atveryend Info: Empty hook `AtEndAfterFileList' on input line 213.


LaTeX Font Warning: Some font shapes were not available, defaults substituted.


LaTeX Warning: There were undefined references.


LaTeX Warning: Label(s) may have changed. Rerun to get cross-references right.

Package atveryend Info: Empty hook `AtVeryVeryEnd' on input line 213.
 ) 
Here is how much of TeX's memory you used:
 15378 strings out of 493007
 270423 string characters out of 6136719
 320575 words of memory out of 5000000
 18898 multiletter control sequences out of 15000+600000
 59284 words of font info for 87 fonts, out of 8000000 for 9000
 1348 hyphenation exceptions out of 8191
 53i,16n,92p,1067b,685s stack positions out of 5000i,500n,10000p,200000b,80000s

Output written on refman.pdf (96 pages).
